TN:
SF:src\sitepulse-v3.test.ts
FN:5,(anonymous_0)
FN:10,(anonymous_1)
FN:23,(anonymous_2)
FN:33,(anonymous_3)
FN:47,(anonymous_4)
FN:57,(anonymous_5)
FN:59,(anonymous_6)
FN:66,(anonymous_7)
FN:70,(anonymous_8)
FN:103,(anonymous_9)
FN:131,(anonymous_10)
FN:138,(anonymous_11)
FN:145,(anonymous_12)
FN:157,(anonymous_13)
FN:159,(anonymous_14)
FN:167,(anonymous_15)
FNF:16
FNH:0
FNDA:0,(anonymous_0)
FNDA:0,(anonymous_1)
FNDA:0,(anonymous_2)
FNDA:0,(anonymous_3)
FNDA:0,(anonymous_4)
FNDA:0,(anonymous_5)
FNDA:0,(anonymous_6)
FNDA:0,(anonymous_7)
FNDA:0,(anonymous_8)
FNDA:0,(anonymous_9)
FNDA:0,(anonymous_10)
FNDA:0,(anonymous_11)
FNDA:0,(anonymous_12)
FNDA:0,(anonymous_13)
FNDA:0,(anonymous_14)
FNDA:0,(anonymous_15)
DA:5,0
DA:6,0
DA:7,0
DA:8,0
DA:10,0
DA:11,0
DA:12,0
DA:13,0
DA:16,0
DA:17,0
DA:18,0
DA:22,0
DA:23,0
DA:24,0
DA:25,0
DA:26,0
DA:27,0
DA:28,0
DA:29,0
DA:30,0
DA:31,0
DA:33,0
DA:34,0
DA:36,0
DA:42,0
DA:43,0
DA:44,0
DA:45,0
DA:47,0
DA:48,0
DA:50,0
DA:51,0
DA:52,0
DA:53,0
DA:54,0
DA:55,0
DA:57,0
DA:58,0
DA:59,0
DA:60,0
DA:63,0
DA:64,0
DA:66,0
DA:67,0
DA:68,0
DA:70,0
DA:71,0
DA:72,0
DA:74,0
DA:81,0
DA:88,0
DA:89,0
DA:91,0
DA:97,0
DA:99,0
DA:100,0
DA:101,0
DA:103,0
DA:104,0
DA:106,0
DA:113,0
DA:120,0
DA:121,0
DA:122,0
DA:123,0
DA:125,0
DA:126,0
DA:128,0
DA:129,0
DA:131,0
DA:132,0
DA:133,0
DA:137,0
DA:138,0
DA:139,0
DA:140,0
DA:141,0
DA:142,0
DA:145,0
DA:146,0
DA:148,0
DA:151,0
DA:152,0
DA:153,0
DA:154,0
DA:155,0
DA:157,0
DA:158,0
DA:159,0
DA:160,0
DA:163,0
DA:164,0
DA:165,0
DA:166,0
DA:167,0
DA:168,0
DA:169,0
DA:170,0
DA:172,0
DA:173,0
DA:174,0
DA:175,0
DA:176,0
DA:177,0
DA:178,0
DA:179,0
LF:106
LH:0
BRDA:6,0,0,0
BRDA:6,0,1,0
BRDA:140,1,0,0
BRDA:140,1,1,0
BRF:4
BRH:0
end_of_record
TN:
SF:src\sitepulse-v3.ts
FN:21,initializeV3
FNF:1
FNH:0
FNDA:0,initializeV3
DA:14,0
DA:23,0
DA:24,0
DA:32,0
DA:33,0
DA:34,0
DA:36,0
DA:37,0
DA:38,0
DA:40,0
DA:41,0
DA:42,0
DA:45,0
DA:46,0
DA:48,0
DA:49,0
DA:50,0
DA:53,0
DA:54,0
LF:19
LH:0
BRDA:21,0,0,0
BRDA:36,1,0,0
BRDA:36,1,1,0
BRDA:40,2,0,0
BRDA:40,2,1,0
BRDA:45,3,0,0
BRDA:45,3,1,0
BRDA:53,4,0,0
BRDA:53,4,1,0
BRF:9
BRH:0
end_of_record
TN:
SF:src\ai\action\action-engine.ts
FN:17,(anonymous_0)
FN:30,(anonymous_1)
FN:50,(anonymous_2)
FN:59,(anonymous_3)
FN:68,(anonymous_4)
FN:71,(anonymous_5)
FN:88,(anonymous_6)
FN:92,(anonymous_7)
FN:98,(anonymous_8)
FN:99,(anonymous_9)
FN:118,(anonymous_10)
FN:120,(anonymous_11)
FN:127,(anonymous_12)
FN:130,(anonymous_13)
FN:146,(anonymous_14)
FN:160,(anonymous_15)
FN:164,(anonymous_16)
FN:166,(anonymous_17)
FN:168,(anonymous_18)
FN:176,(anonymous_19)
FN:180,(anonymous_20)
FN:191,(anonymous_21)
FN:195,(anonymous_22)
FN:224,(anonymous_23)
FN:234,(anonymous_24)
FN:237,(anonymous_25)
FN:253,(anonymous_26)
FN:261,(anonymous_27)
FN:263,(anonymous_28)
FN:264,(anonymous_29)
FN:265,(anonymous_30)
FN:270,(anonymous_31)
FN:277,(anonymous_32)
FN:299,(anonymous_33)
FN:300,(anonymous_34)
FN:332,(anonymous_35)
FN:346,(anonymous_36)
FN:354,(anonymous_37)
FN:363,(anonymous_38)
FN:369,(anonymous_39)
FN:371,(anonymous_40)
FN:378,(anonymous_41)
FN:389,(anonymous_42)
FN:403,(anonymous_43)
FN:412,(anonymous_44)
FN:423,(anonymous_45)
FN:433,(anonymous_46)
FN:451,(anonymous_47)
FN:462,(anonymous_48)
FN:468,(anonymous_49)
FN:474,(anonymous_50)
FN:488,(anonymous_51)
FN:492,(anonymous_52)
FN:493,(anonymous_53)
FN:494,(anonymous_54)
FN:502,(anonymous_55)
FNF:56
FNH:39
FNDA:7,(anonymous_0)
FNDA:9,(anonymous_1)
FNDA:5,(anonymous_2)
FNDA:3,(anonymous_3)
FNDA:5,(anonymous_4)
FNDA:1,(anonymous_5)
FNDA:16,(anonymous_6)
FNDA:7,(anonymous_7)
FNDA:7,(anonymous_8)
FNDA:1,(anonymous_9)
FNDA:7,(anonymous_10)
FNDA:0,(anonymous_11)
FNDA:7,(anonymous_12)
FNDA:0,(anonymous_13)
FNDA:15,(anonymous_14)
FNDA:0,(anonymous_15)
FNDA:1,(anonymous_16)
FNDA:1,(anonymous_17)
FNDA:1,(anonymous_18)
FNDA:14,(anonymous_19)
FNDA:3,(anonymous_20)
FNDA:15,(anonymous_21)
FNDA:0,(anonymous_22)
FNDA:0,(anonymous_23)
FNDA:0,(anonymous_24)
FNDA:2,(anonymous_25)
FNDA:14,(anonymous_26)
FNDA:14,(anonymous_27)
FNDA:10,(anonymous_28)
FNDA:0,(anonymous_29)
FNDA:0,(anonymous_30)
FNDA:16,(anonymous_31)
FNDA:5,(anonymous_32)
FNDA:5,(anonymous_33)
FNDA:5,(anonymous_34)
FNDA:1,(anonymous_35)
FNDA:0,(anonymous_36)
FNDA:0,(anonymous_37)
FNDA:5,(anonymous_38)
FNDA:3,(anonymous_39)
FNDA:0,(anonymous_40)
FNDA:5,(anonymous_41)
FNDA:0,(anonymous_42)
FNDA:0,(anonymous_43)
FNDA:0,(anonymous_44)
FNDA:5,(anonymous_45)
FNDA:0,(anonymous_46)
FNDA:10,(anonymous_47)
FNDA:0,(anonymous_48)
FNDA:2,(anonymous_49)
FNDA:0,(anonymous_50)
FNDA:2,(anonymous_51)
FNDA:1,(anonymous_52)
FNDA:1,(anonymous_53)
FNDA:1,(anonymous_54)
FNDA:14,(anonymous_55)
DA:6,1
DA:7,1
DA:8,1
DA:18,7
DA:19,7
DA:20,7
DA:21,7
DA:22,7
DA:31,9
DA:32,1
DA:33,0
DA:34,0
DA:37,1
DA:40,8
DA:41,8
DA:42,5
DA:43,5
DA:46,3
DA:47,3
DA:51,5
DA:52,5
DA:53,5
DA:54,0
DA:55,0
DA:56,0
DA:60,3
DA:61,3
DA:62,3
DA:63,2
DA:64,2
DA:65,2
DA:69,5
DA:72,1
DA:79,1
DA:82,1
DA:89,16
DA:90,16
DA:93,7
DA:94,0
DA:96,7
DA:98,7
DA:99,7
DA:100,1
DA:104,7
DA:105,7
DA:106,7
DA:107,6
DA:108,6
DA:111,1
DA:112,1
DA:115,7
DA:120,7
DA:121,0
DA:126,7
DA:127,7
DA:131,0
DA:132,0
DA:134,0
DA:135,0
DA:137,0
DA:140,1
DA:145,18
DA:147,15
DA:153,15
DA:154,9
DA:156,15
DA:157,15
DA:158,15
DA:161,0
DA:162,0
DA:165,1
DA:166,1
DA:169,1
DA:170,1
DA:171,0
DA:173,1
DA:174,1
DA:177,14
DA:178,14
DA:181,3
DA:184,1
DA:190,15
DA:192,15
DA:193,15
DA:196,0
DA:197,0
DA:199,0
DA:200,0
DA:201,0
DA:204,0
DA:206,0
DA:212,0
DA:213,0
DA:214,0
DA:215,0
DA:218,0
DA:219,0
DA:220,0
DA:221,0
DA:225,0
DA:226,0
DA:228,0
DA:235,0
DA:238,2
DA:241,1
DA:247,14
DA:248,14
DA:249,14
DA:254,14
DA:255,14
DA:256,14
DA:257,14
DA:258,14
DA:259,14
DA:263,14
DA:264,14
DA:265,14
DA:271,16
DA:272,16
DA:278,5
DA:279,5
DA:287,5
DA:288,5
DA:289,5
DA:290,5
DA:292,5
DA:293,5
DA:295,5
DA:297,5
DA:298,5
DA:299,5
DA:300,5
DA:308,5
DA:309,5
DA:310,5
DA:311,5
DA:312,5
DA:313,5
DA:316,0
DA:317,0
DA:318,0
DA:319,0
DA:320,0
DA:321,0
DA:323,0
DA:324,0
DA:327,5
DA:333,1
DA:334,1
DA:335,1
DA:336,1
DA:337,2
DA:338,2
DA:339,2
DA:340,0
DA:341,0
DA:343,0
DA:346,2
DA:347,2
DA:348,0
DA:352,0
DA:354,0
DA:355,0
DA:357,1
DA:358,1
DA:364,5
DA:365,5
DA:366,0
DA:368,5
DA:369,5
DA:370,5
DA:371,0
DA:373,5
DA:379,5
DA:380,5
DA:381,0
DA:384,5
DA:390,0
DA:394,5
DA:395,5
DA:397,5
DA:398,5
DA:404,0
DA:405,0
DA:406,0
DA:413,0
DA:415,0
DA:416,0
DA:418,0
DA:424,5
DA:425,4
DA:426,4
DA:428,5
DA:434,0
DA:435,0
DA:442,0
DA:452,10
DA:463,0
DA:469,2
DA:475,0
DA:476,0
DA:477,0
DA:478,0
DA:479,0
DA:480,0
DA:481,0
DA:483,0
DA:489,2
DA:490,2
DA:492,1
DA:493,1
DA:494,1
DA:503,14
DA:504,14
DA:505,14
DA:506,14
DA:507,14
DA:510,1
DA:512,1
LF:219
LH:147
BRDA:17,0,0,0
BRDA:17,1,0,0
BRDA:31,2,0,1
BRDA:31,2,1,8
BRDA:32,3,0,0
BRDA:32,3,1,1
BRDA:32,4,0,1
BRDA:32,4,1,0
BRDA:53,5,0,0
BRDA:53,5,1,5
BRDA:62,6,0,2
BRDA:62,6,1,1
BRDA:93,7,0,0
BRDA:93,7,1,7
BRDA:131,8,0,0
BRDA:131,8,1,0
BRDA:134,9,0,0
BRDA:134,9,1,0
BRDA:153,10,0,9
BRDA:153,10,1,6
BRDA:170,11,0,0
BRDA:170,11,1,1
BRDA:181,12,0,3
BRDA:181,12,1,1
BRDA:200,13,0,0
BRDA:200,13,1,0
BRDA:204,14,0,0
BRDA:204,14,1,0
BRDA:218,15,0,0
BRDA:218,15,1,0
BRDA:225,16,0,0
BRDA:225,16,1,0
BRDA:235,17,0,0
BRDA:235,17,1,0
BRDA:253,18,0,14
BRDA:323,19,0,0
BRDA:323,19,1,0
BRDA:323,20,0,0
BRDA:323,20,1,0
BRDA:335,21,0,1
BRDA:335,21,1,0
BRDA:339,22,0,0
BRDA:339,22,1,2
BRDA:340,23,0,0
BRDA:340,23,1,0
BRDA:340,24,0,0
BRDA:340,24,1,0
BRDA:347,25,0,0
BRDA:347,25,1,2
BRDA:352,26,0,0
BRDA:352,26,1,0
BRDA:365,27,0,0
BRDA:365,27,1,5
BRDA:369,28,0,3
BRDA:369,28,1,0
BRDA:370,29,0,0
BRDA:370,29,1,5
BRDA:380,30,0,0
BRDA:380,30,1,5
BRDA:404,31,0,0
BRDA:404,31,1,0
BRDA:424,32,0,4
BRDA:424,32,1,1
BRDA:434,33,0,0
BRDA:434,33,1,0
BRDA:476,34,0,0
BRDA:476,34,1,0
BRDA:478,35,0,0
BRDA:478,35,1,0
BRDA:478,36,0,0
BRDA:478,36,1,0
BRF:71
BRH:23
end_of_record
TN:
SF:src\ai\action\index.ts
FN:6,(anonymous_0)
FN:10,(anonymous_1)
FN:13,(anonymous_2)
FN:17,(anonymous_3)
FN:23,(anonymous_4)
FN:24,(anonymous_5)
FN:25,(anonymous_6)
FN:26,(anonymous_7)
FN:27,(anonymous_8)
FNF:9
FNH:6
FNDA:0,(anonymous_0)
FNDA:0,(anonymous_1)
FNDA:0,(anonymous_2)
FNDA:1,(anonymous_3)
FNDA:14,(anonymous_4)
FNDA:3,(anonymous_5)
FNDA:2,(anonymous_6)
FNDA:4,(anonymous_7)
FNDA:1,(anonymous_8)
DA:6,1
DA:7,0
DA:8,0
DA:9,0
DA:10,0
DA:12,0
DA:14,0
DA:15,0
DA:17,1
DA:18,1
DA:20,1
DA:21,1
DA:22,1
DA:23,14
DA:24,3
DA:25,2
DA:26,4
DA:27,1
DA:28,1
LF:19
LH:12
BRDA:6,0,0,1
BRDA:6,0,1,1
BRDA:6,0,2,1
BRDA:6,1,0,1
BRDA:6,1,1,0
BRDA:7,2,0,0
BRDA:7,2,1,0
BRDA:9,3,0,0
BRDA:9,3,1,0
BRDA:9,4,0,0
BRDA:9,4,1,0
BRDA:9,5,0,0
BRDA:9,5,1,0
BRDA:9,6,0,0
BRDA:9,6,1,0
BRDA:14,7,0,0
BRDA:14,7,1,0
BRDA:17,8,0,1
BRDA:17,8,1,1
BRDA:17,8,2,1
BRDA:18,9,0,0
BRDA:18,9,1,0
BRDA:18,10,0,0
BRDA:18,10,1,0
BRF:24
BRH:7
end_of_record
TN:
SF:src\ai\action\types.ts
FNF:0
FNH:0
DA:5,1
LF:1
LH:1
BRF:0
BRH:0
end_of_record
TN:
SF:src\ai\context\auto-discovery.ts
FN:14,(anonymous_0)
FN:21,(anonymous_1)
FN:27,(anonymous_2)
FN:35,(anonymous_3)
FN:44,(anonymous_4)
FN:95,(anonymous_5)
FN:102,(anonymous_6)
FN:119,(anonymous_7)
FN:124,(anonymous_8)
FN:139,(anonymous_9)
FN:151,(anonymous_10)
FN:171,(anonymous_11)
FN:184,(anonymous_12)
FN:189,(anonymous_13)
FN:252,(anonymous_14)
FN:259,(anonymous_15)
FN:300,(anonymous_16)
FN:344,(anonymous_17)
FN:357,(anonymous_18)
FN:420,(anonymous_19)
FN:429,(anonymous_20)
FN:432,(anonymous_21)
FN:435,(anonymous_22)
FN:436,(anonymous_23)
FNF:24
FNH:0
FNDA:0,(anonymous_0)
FNDA:0,(anonymous_1)
FNDA:0,(anonymous_2)
FNDA:0,(anonymous_3)
FNDA:0,(anonymous_4)
FNDA:0,(anonymous_5)
FNDA:0,(anonymous_6)
FNDA:0,(anonymous_7)
FNDA:0,(anonymous_8)
FNDA:0,(anonymous_9)
FNDA:0,(anonymous_10)
FNDA:0,(anonymous_11)
FNDA:0,(anonymous_12)
FNDA:0,(anonymous_13)
FNDA:0,(anonymous_14)
FNDA:0,(anonymous_15)
FNDA:0,(anonymous_16)
FNDA:0,(anonymous_17)
FNDA:0,(anonymous_18)
FNDA:0,(anonymous_19)
FNDA:0,(anonymous_20)
FNDA:0,(anonymous_21)
FNDA:0,(anonymous_22)
FNDA:0,(anonymous_23)
DA:11,0
DA:13,0
DA:15,0
DA:16,0
DA:22,0
DA:24,0
DA:26,0
DA:27,0
DA:28,0
DA:36,0
DA:37,0
DA:38,0
DA:45,0
DA:46,0
DA:48,0
DA:49,0
DA:50,0
DA:51,0
DA:53,0
DA:55,0
DA:57,0
DA:59,0
DA:61,0
DA:63,0
DA:65,0
DA:67,0
DA:68,0
DA:69,0
DA:81,0
DA:82,0
DA:85,0
DA:86,0
DA:89,0
DA:96,0
DA:97,0
DA:103,0
DA:105,0
DA:106,0
DA:107,0
DA:108,0
DA:109,0
DA:110,0
DA:117,0
DA:121,0
DA:122,0
DA:125,0
DA:137,0
DA:140,0
DA:141,0
DA:142,0
DA:143,0
DA:144,0
DA:145,0
DA:146,0
DA:149,0
DA:153,0
DA:154,0
DA:172,0
DA:174,0
DA:185,0
DA:186,0
DA:187,0
DA:188,0
DA:189,0
DA:190,0
DA:191,0
DA:203,0
DA:204,0
DA:215,0
DA:216,0
DA:226,0
DA:253,0
DA:254,0
DA:255,0
DA:256,0
DA:257,0
DA:259,0
DA:260,0
DA:261,0
DA:268,0
DA:269,0
DA:280,0
DA:293,0
DA:301,0
DA:302,0
DA:304,0
DA:314,0
DA:324,0
DA:334,0
DA:344,0
DA:345,0
DA:355,0
DA:358,0
DA:359,0
DA:382,0
DA:408,0
DA:422,0
DA:423,0
DA:424,0
DA:430,0
DA:433,0
DA:436,0
LF:102
LH:0
BRDA:26,0,0,0
BRDA:26,0,1,0
BRDA:36,1,0,0
BRDA:36,1,1,0
BRDA:45,2,0,0
BRDA:45,2,1,0
BRDA:109,3,0,0
BRDA:109,3,1,0
BRDA:122,4,0,0
BRDA:122,4,1,0
BRDA:137,5,0,0
BRDA:137,5,1,0
BRDA:144,6,0,0
BRDA:144,6,1,0
BRDA:156,7,0,0
BRDA:156,7,1,0
BRDA:156,8,0,0
BRDA:156,8,1,0
BRDA:160,9,0,0
BRDA:160,9,1,0
BRDA:190,10,0,0
BRDA:190,10,1,0
BRDA:203,11,0,0
BRDA:203,11,1,0
BRDA:215,12,0,0
BRDA:215,12,1,0
BRDA:260,13,0,0
BRDA:260,13,1,0
BRDA:268,14,0,0
BRDA:268,14,1,0
BRF:30
BRH:0
end_of_record
TN:
SF:src\ai\context\correlation-engine.ts
FN:18,(anonymous_0)
FN:23,(anonymous_1)
FN:28,(anonymous_2)
FN:33,(anonymous_3)
FN:47,(anonymous_4)
FN:62,(anonymous_5)
FN:79,(anonymous_6)
FN:87,(anonymous_7)
FN:110,(anonymous_8)
FN:126,(anonymous_9)
FN:128,(anonymous_10)
FN:143,(anonymous_11)
FN:150,(anonymous_12)
FN:161,(anonymous_13)
FN:163,(anonymous_14)
FN:167,(anonymous_15)
FN:168,(anonymous_16)
FN:169,(anonymous_17)
FN:172,(anonymous_18)
FN:174,(anonymous_19)
FN:177,(anonymous_20)
FN:180,(anonymous_21)
FN:187,(anonymous_22)
FN:195,(anonymous_23)
FN:208,(anonymous_24)
FN:209,(anonymous_25)
FN:212,(anonymous_26)
FN:215,(anonymous_27)
FN:220,(anonymous_28)
FN:229,(anonymous_29)
FN:233,(anonymous_30)
FN:237,(anonymous_31)
FN:250,(anonymous_32)
FN:253,(anonymous_33)
FN:266,(anonymous_34)
FN:269,(anonymous_35)
FN:281,(anonymous_36)
FN:284,(anonymous_37)
FN:294,(anonymous_38)
FN:297,(anonymous_39)
FN:298,(anonymous_40)
FN:306,(anonymous_41)
FN:308,(anonymous_42)
FN:329,(anonymous_43)
FN:343,(anonymous_44)
FN:345,(anonymous_45)
FN:347,(anonymous_46)
FN:348,(anonymous_47)
FN:350,(anonymous_48)
FN:353,(anonymous_49)
FN:357,(anonymous_50)
FN:363,(anonymous_51)
FN:366,(anonymous_52)
FN:368,(anonymous_53)
FN:371,(anonymous_54)
FNF:55
FNH:0
FNDA:0,(anonymous_0)
FNDA:0,(anonymous_1)
FNDA:0,(anonymous_2)
FNDA:0,(anonymous_3)
FNDA:0,(anonymous_4)
FNDA:0,(anonymous_5)
FNDA:0,(anonymous_6)
FNDA:0,(anonymous_7)
FNDA:0,(anonymous_8)
FNDA:0,(anonymous_9)
FNDA:0,(anonymous_10)
FNDA:0,(anonymous_11)
FNDA:0,(anonymous_12)
FNDA:0,(anonymous_13)
FNDA:0,(anonymous_14)
FNDA:0,(anonymous_15)
FNDA:0,(anonymous_16)
FNDA:0,(anonymous_17)
FNDA:0,(anonymous_18)
FNDA:0,(anonymous_19)
FNDA:0,(anonymous_20)
FNDA:0,(anonymous_21)
FNDA:0,(anonymous_22)
FNDA:0,(anonymous_23)
FNDA:0,(anonymous_24)
FNDA:0,(anonymous_25)
FNDA:0,(anonymous_26)
FNDA:0,(anonymous_27)
FNDA:0,(anonymous_28)
FNDA:0,(anonymous_29)
FNDA:0,(anonymous_30)
FNDA:0,(anonymous_31)
FNDA:0,(anonymous_32)
FNDA:0,(anonymous_33)
FNDA:0,(anonymous_34)
FNDA:0,(anonymous_35)
FNDA:0,(anonymous_36)
FNDA:0,(anonymous_37)
FNDA:0,(anonymous_38)
FNDA:0,(anonymous_39)
FNDA:0,(anonymous_40)
FNDA:0,(anonymous_41)
FNDA:0,(anonymous_42)
FNDA:0,(anonymous_43)
FNDA:0,(anonymous_44)
FNDA:0,(anonymous_45)
FNDA:0,(anonymous_46)
FNDA:0,(anonymous_47)
FNDA:0,(anonymous_48)
FNDA:0,(anonymous_49)
FNDA:0,(anonymous_50)
FNDA:0,(anonymous_51)
FNDA:0,(anonymous_52)
FNDA:0,(anonymous_53)
FNDA:0,(anonymous_54)
DA:10,0
DA:11,0
DA:12,0
DA:13,0
DA:14,0
DA:19,0
DA:20,0
DA:21,0
DA:24,0
DA:25,0
DA:26,0
DA:29,0
DA:30,0
DA:31,0
DA:34,0
DA:35,0
DA:37,0
DA:38,0
DA:40,0
DA:41,0
DA:49,0
DA:50,0
DA:51,0
DA:52,0
DA:53,0
DA:54,0
DA:58,0
DA:59,0
DA:64,0
DA:65,0
DA:66,0
DA:68,0
DA:69,0
DA:70,0
DA:79,0
DA:82,0
DA:83,0
DA:89,0
DA:90,0
DA:91,0
DA:92,0
DA:102,0
DA:103,0
DA:111,0
DA:112,0
DA:113,0
DA:114,0
DA:115,0
DA:128,0
DA:132,0
DA:134,0
DA:143,0
DA:146,0
DA:147,0
DA:152,0
DA:153,0
DA:154,0
DA:155,0
DA:156,0
DA:157,0
DA:159,0
DA:162,0
DA:163,0
DA:165,0
DA:166,0
DA:167,0
DA:168,0
DA:169,0
DA:170,0
DA:173,0
DA:174,0
DA:179,0
DA:180,0
DA:181,0
DA:182,0
DA:185,0
DA:186,0
DA:187,0
DA:188,0
DA:189,0
DA:190,0
DA:193,0
DA:196,0
DA:197,0
DA:198,0
DA:199,0
DA:200,0
DA:201,0
DA:202,0
DA:203,0
DA:204,0
DA:205,0
DA:206,0
DA:209,0
DA:210,0
DA:212,0
DA:213,0
DA:215,0
DA:216,0
DA:218,0
DA:221,0
DA:230,0
DA:232,0
DA:233,0
DA:238,0
DA:249,0
DA:250,0
DA:254,0
DA:265,0
DA:266,0
DA:270,0
DA:281,0
DA:282,0
DA:285,0
DA:292,0
DA:295,0
DA:296,0
DA:297,0
DA:298,0
DA:307,0
DA:308,0
DA:309,0
DA:310,0
DA:311,0
DA:312,0
DA:313,0
DA:315,0
DA:316,0
DA:317,0
DA:318,0
DA:327,0
DA:330,0
DA:332,0
DA:333,0
DA:334,0
DA:336,0
DA:337,0
DA:338,0
DA:344,0
DA:345,0
DA:348,0
DA:351,0
DA:352,0
DA:353,0
DA:354,0
DA:355,0
DA:358,0
DA:364,0
DA:367,0
DA:368,0
DA:372,0
LF:151
LH:0
BRDA:34,0,0,0
BRDA:34,0,1,0
BRDA:37,1,0,0
BRDA:37,1,1,0
BRDA:40,2,0,0
BRDA:40,2,1,0
BRDA:52,3,0,0
BRDA:52,3,1,0
BRDA:58,4,0,0
BRDA:58,4,1,0
BRDA:58,5,0,0
BRDA:58,5,1,0
BRDA:65,6,0,0
BRDA:65,6,1,0
BRDA:69,7,0,0
BRDA:69,7,1,0
BRDA:91,8,0,0
BRDA:91,8,1,0
BRDA:118,9,0,0
BRDA:118,9,1,0
BRDA:122,10,0,0
BRDA:122,10,1,0
BRDA:128,11,0,0
BRDA:128,11,1,0
BRDA:128,11,2,0
BRDA:132,12,0,0
BRDA:132,12,1,0
BRDA:153,13,0,0
BRDA:153,13,1,0
BRDA:156,14,0,0
BRDA:156,14,1,0
BRDA:165,15,0,0
BRDA:165,15,1,0
BRDA:170,16,0,0
BRDA:170,16,1,0
BRDA:174,17,0,0
BRDA:174,17,1,0
BRDA:174,17,2,0
BRDA:181,18,0,0
BRDA:181,18,1,0
BRDA:188,19,0,0
BRDA:188,19,1,0
BRDA:197,20,0,0
BRDA:197,20,1,0
BRDA:200,21,0,0
BRDA:200,21,1,0
BRDA:202,22,0,0
BRDA:202,22,1,0
BRDA:204,23,0,0
BRDA:204,23,1,0
BRDA:209,24,0,0
BRDA:209,24,1,0
BRDA:209,25,0,0
BRDA:209,25,1,0
BRDA:212,26,0,0
BRDA:212,26,1,0
BRDA:212,27,0,0
BRDA:212,27,1,0
BRDA:215,28,0,0
BRDA:215,28,1,0
BRDA:233,29,0,0
BRDA:233,29,1,0
BRDA:233,29,2,0
BRDA:233,29,3,0
BRDA:233,29,4,0
BRDA:233,29,5,0
BRDA:250,30,0,0
BRDA:250,30,1,0
BRDA:250,30,2,0
BRDA:250,30,3,0
BRDA:266,31,0,0
BRDA:266,31,1,0
BRDA:266,31,2,0
BRDA:292,32,0,0
BRDA:292,32,1,0
BRDA:308,33,0,0
BRDA:308,33,1,0
BRDA:315,34,0,0
BRDA:315,34,1,0
BRDA:315,35,0,0
BRDA:315,35,1,0
BRDA:317,36,0,0
BRDA:317,36,1,0
BRF:83
BRH:0
end_of_record
TN:
SF:src\ai\context\index.ts
FN:43,(anonymous_0)
FN:105,(anonymous_1)
FN:107,(anonymous_2)
FN:110,(anonymous_3)
FN:113,(anonymous_4)
FN:116,(anonymous_5)
FN:123,(anonymous_6)
FN:147,(anonymous_7)
FN:233,(anonymous_8)
FN:239,(anonymous_9)
FN:256,(anonymous_10)
FN:257,(anonymous_11)
FN:264,(anonymous_12)
FN:271,(anonymous_13)
FN:280,(anonymous_14)
FN:288,(anonymous_15)
FN:299,(anonymous_16)
FN:303,(anonymous_17)
FN:319,(anonymous_18)
FN:326,(anonymous_19)
FN:327,(anonymous_20)
FN:336,(anonymous_21)
FN:371,(anonymous_22)
FN:374,(anonymous_23)
FN:384,(anonymous_24)
FN:404,(anonymous_25)
FN:407,(anonymous_26)
FN:410,(anonymous_27)
FN:413,(anonymous_28)
FNF:29
FNH:0
FNDA:0,(anonymous_0)
FNDA:0,(anonymous_1)
FNDA:0,(anonymous_2)
FNDA:0,(anonymous_3)
FNDA:0,(anonymous_4)
FNDA:0,(anonymous_5)
FNDA:0,(anonymous_6)
FNDA:0,(anonymous_7)
FNDA:0,(anonymous_8)
FNDA:0,(anonymous_9)
FNDA:0,(anonymous_10)
FNDA:0,(anonymous_11)
FNDA:0,(anonymous_12)
FNDA:0,(anonymous_13)
FNDA:0,(anonymous_14)
FNDA:0,(anonymous_15)
FNDA:0,(anonymous_16)
FNDA:0,(anonymous_17)
FNDA:0,(anonymous_18)
FNDA:0,(anonymous_19)
FNDA:0,(anonymous_20)
FNDA:0,(anonymous_21)
FNDA:0,(anonymous_22)
FNDA:0,(anonymous_23)
FNDA:0,(anonymous_24)
FNDA:0,(anonymous_25)
FNDA:0,(anonymous_26)
FNDA:0,(anonymous_27)
FNDA:0,(anonymous_28)
DA:14,0
DA:15,0
DA:16,0
DA:22,0
DA:24,0
DA:30,0
DA:41,0
DA:42,0
DA:44,0
DA:46,0
DA:98,0
DA:99,0
DA:100,0
DA:101,0
DA:102,0
DA:103,0
DA:107,0
DA:108,0
DA:110,0
DA:111,0
DA:113,0
DA:114,0
DA:116,0
DA:117,0
DA:124,0
DA:125,0
DA:126,0
DA:127,0
DA:128,0
DA:129,0
DA:131,0
DA:132,0
DA:133,0
DA:134,0
DA:135,0
DA:136,0
DA:137,0
DA:138,0
DA:139,0
DA:148,0
DA:149,0
DA:150,0
DA:151,0
DA:152,0
DA:154,0
DA:155,0
DA:157,0
DA:158,0
DA:160,0
DA:162,0
DA:164,0
DA:213,0
DA:215,0
DA:216,0
DA:217,0
DA:218,0
DA:219,0
DA:222,0
DA:223,0
DA:224,0
DA:227,0
DA:234,0
DA:240,0
DA:241,0
DA:242,0
DA:244,0
DA:249,0
DA:250,0
DA:251,0
DA:257,0
DA:258,0
DA:259,0
DA:262,0
DA:264,0
DA:265,0
DA:272,0
DA:281,0
DA:289,0
DA:300,0
DA:301,0
DA:303,0
DA:304,0
DA:305,0
DA:306,0
DA:308,0
DA:310,0
DA:312,0
DA:313,0
DA:316,0
DA:320,0
DA:321,0
DA:322,0
DA:324,0
DA:325,0
DA:326,0
DA:327,0
DA:328,0
DA:329,0
DA:330,0
DA:331,0
DA:337,0
DA:363,0
DA:369,0
DA:372,0
DA:375,0
DA:376,0
DA:377,0
DA:378,0
DA:379,0
DA:381,0
DA:382,0
DA:385,0
DA:386,0
DA:387,0
DA:398,0
DA:399,0
DA:405,0
DA:408,0
DA:411,0
DA:414,0
DA:418,0
LF:121
LH:0
BRDA:125,0,0,0
BRDA:125,0,1,0
BRDA:241,1,0,0
BRDA:241,1,1,0
BRDA:258,2,0,0
BRDA:258,2,1,0
BRDA:277,3,0,0
BRDA:277,3,1,0
BRDA:285,4,0,0
BRDA:285,4,1,0
BRDA:300,5,0,0
BRDA:300,5,1,0
BRDA:305,6,0,0
BRDA:305,6,1,0
BRDA:321,7,0,0
BRDA:321,7,1,0
BRDA:324,8,0,0
BRDA:324,8,1,0
BRDA:328,9,0,0
BRDA:328,9,1,0
BRDA:329,10,0,0
BRDA:329,10,1,0
BRDA:378,11,0,0
BRDA:378,11,1,0
BRF:24
BRH:0
end_of_record
TN:
SF:src\ai\context\predictive-engine.ts
FN:13,(anonymous_0)
FN:20,(anonymous_1)
FN:26,(anonymous_2)
FN:46,(anonymous_3)
FN:78,(anonymous_4)
FN:84,(anonymous_5)
FN:90,(anonymous_6)
FN:92,(anonymous_7)
FN:105,(anonymous_8)
FN:109,(anonymous_9)
FN:110,(anonymous_10)
FN:111,(anonymous_11)
FN:112,(anonymous_12)
FN:116,(anonymous_13)
FN:120,(anonymous_14)
FN:123,(anonymous_15)
FN:129,(anonymous_16)
FN:130,(anonymous_17)
FN:132,(anonymous_18)
FN:134,(anonymous_19)
FN:137,(anonymous_20)
FN:149,(anonymous_21)
FN:153,(anonymous_22)
FN:154,(anonymous_23)
FN:162,(anonymous_24)
FN:178,(anonymous_25)
FN:180,(anonymous_26)
FN:182,(anonymous_27)
FN:212,(anonymous_28)
FN:221,(anonymous_29)
FN:230,(anonymous_30)
FN:235,(anonymous_31)
FN:263,(anonymous_32)
FN:278,(anonymous_33)
FN:280,(anonymous_34)
FN:281,(anonymous_35)
FN:303,(anonymous_36)
FN:328,(anonymous_37)
FN:348,(anonymous_38)
FN:361,(anonymous_39)
FN:373,(anonymous_40)
FN:382,(anonymous_41)
FN:390,(anonymous_42)
FNF:43
FNH:0
FNDA:0,(anonymous_0)
FNDA:0,(anonymous_1)
FNDA:0,(anonymous_2)
FNDA:0,(anonymous_3)
FNDA:0,(anonymous_4)
FNDA:0,(anonymous_5)
FNDA:0,(anonymous_6)
FNDA:0,(anonymous_7)
FNDA:0,(anonymous_8)
FNDA:0,(anonymous_9)
FNDA:0,(anonymous_10)
FNDA:0,(anonymous_11)
FNDA:0,(anonymous_12)
FNDA:0,(anonymous_13)
FNDA:0,(anonymous_14)
FNDA:0,(anonymous_15)
FNDA:0,(anonymous_16)
FNDA:0,(anonymous_17)
FNDA:0,(anonymous_18)
FNDA:0,(anonymous_19)
FNDA:0,(anonymous_20)
FNDA:0,(anonymous_21)
FNDA:0,(anonymous_22)
FNDA:0,(anonymous_23)
FNDA:0,(anonymous_24)
FNDA:0,(anonymous_25)
FNDA:0,(anonymous_26)
FNDA:0,(anonymous_27)
FNDA:0,(anonymous_28)
FNDA:0,(anonymous_29)
FNDA:0,(anonymous_30)
FNDA:0,(anonymous_31)
FNDA:0,(anonymous_32)
FNDA:0,(anonymous_33)
FNDA:0,(anonymous_34)
FNDA:0,(anonymous_35)
FNDA:0,(anonymous_36)
FNDA:0,(anonymous_37)
FNDA:0,(anonymous_38)
FNDA:0,(anonymous_39)
FNDA:0,(anonymous_40)
FNDA:0,(anonymous_41)
FNDA:0,(anonymous_42)
DA:11,0
DA:12,0
DA:14,0
DA:15,0
DA:21,0
DA:27,0
DA:28,0
DA:34,0
DA:35,0
DA:47,0
DA:48,0
DA:49,0
DA:58,0
DA:60,0
DA:62,0
DA:65,0
DA:67,0
DA:69,0
DA:70,0
DA:79,0
DA:80,0
DA:82,0
DA:83,0
DA:84,0
DA:85,0
DA:86,0
DA:87,0
DA:90,0
DA:93,0
DA:94,0
DA:96,0
DA:97,0
DA:98,0
DA:99,0
DA:102,0
DA:103,0
DA:106,0
DA:107,0
DA:108,0
DA:109,0
DA:110,0
DA:111,0
DA:112,0
DA:113,0
DA:114,0
DA:117,0
DA:118,0
DA:119,0
DA:120,0
DA:121,0
DA:124,0
DA:125,0
DA:128,0
DA:129,0
DA:130,0
DA:133,0
DA:134,0
DA:135,0
DA:136,0
DA:137,0
DA:138,0
DA:139,0
DA:140,0
DA:141,0
DA:142,0
DA:144,0
DA:147,0
DA:150,0
DA:151,0
DA:153,0
DA:154,0
DA:155,0
DA:157,0
DA:163,0
DA:165,0
DA:166,0
DA:167,0
DA:168,0
DA:169,0
DA:170,0
DA:171,0
DA:172,0
DA:176,0
DA:177,0
DA:178,0
DA:181,0
DA:182,0
DA:184,0
DA:186,0
DA:187,0
DA:189,0
DA:190,0
DA:191,0
DA:192,0
DA:193,0
DA:202,0
DA:203,0
DA:210,0
DA:213,0
DA:219,0
DA:222,0
DA:223,0
DA:224,0
DA:225,0
DA:226,0
DA:227,0
DA:228,0
DA:231,0
DA:233,0
DA:234,0
DA:235,0
DA:236,0
DA:237,0
DA:246,0
DA:247,0
DA:248,0
DA:249,0
DA:250,0
DA:258,0
DA:264,0
DA:266,0
DA:267,0
DA:268,0
DA:269,0
DA:270,0
DA:273,0
DA:274,0
DA:275,0
DA:276,0
DA:279,0
DA:280,0
DA:281,0
DA:282,0
DA:284,0
DA:285,0
DA:301,0
DA:305,0
DA:307,0
DA:308,0
DA:323,0
DA:330,0
DA:349,0
DA:351,0
DA:352,0
DA:361,0
DA:362,0
DA:363,0
DA:373,0
DA:374,0
DA:382,0
DA:383,0
DA:384,0
DA:391,0
DA:392,0
DA:393,0
DA:394,0
DA:395,0
DA:396,0
DA:397,0
LF:159
LH:0
BRDA:47,0,0,0
BRDA:47,0,1,0
BRDA:48,1,0,0
BRDA:48,1,1,0
BRDA:79,2,0,0
BRDA:79,2,1,0
BRDA:90,3,0,0
BRDA:90,3,1,0
BRDA:93,4,0,0
BRDA:93,4,1,0
BRDA:106,5,0,0
BRDA:106,5,1,0
BRDA:117,6,0,0
BRDA:117,6,1,0
BRDA:124,7,0,0
BRDA:124,7,1,0
BRDA:129,8,0,0
BRDA:129,8,1,0
BRDA:138,9,0,0
BRDA:138,9,1,0
BRDA:141,10,0,0
BRDA:141,10,1,0
BRDA:150,11,0,0
BRDA:150,11,1,0
BRDA:168,12,0,0
BRDA:168,12,1,0
BRDA:168,13,0,0
BRDA:168,13,1,0
BRDA:171,14,0,0
BRDA:171,14,1,0
BRDA:189,15,0,0
BRDA:189,15,1,0
BRDA:189,16,0,0
BRDA:189,16,1,0
BRDA:191,17,0,0
BRDA:191,17,1,0
BRDA:191,18,0,0
BRDA:191,18,1,0
BRDA:202,19,0,0
BRDA:202,19,1,0
BRDA:219,20,0,0
BRDA:219,20,1,0
BRDA:222,21,0,0
BRDA:222,21,1,0
BRDA:224,22,0,0
BRDA:224,22,1,0
BRDA:226,23,0,0
BRDA:226,23,1,0
BRDA:234,24,0,0
BRDA:234,24,1,0
BRDA:236,25,0,0
BRDA:236,25,1,0
BRDA:247,26,0,0
BRDA:247,26,1,0
BRDA:249,27,0,0
BRDA:249,27,1,0
BRDA:267,28,0,0
BRDA:267,28,1,0
BRDA:269,29,0,0
BRDA:269,29,1,0
BRDA:274,30,0,0
BRDA:274,30,1,0
BRDA:284,31,0,0
BRDA:284,31,1,0
BRDA:284,32,0,0
BRDA:284,32,1,0
BRDA:307,33,0,0
BRDA:307,33,1,0
BRDA:307,34,0,0
BRDA:307,34,1,0
BRDA:351,35,0,0
BRDA:351,35,1,0
BRDA:362,36,0,0
BRDA:362,36,1,0
BRDA:365,37,0,0
BRDA:365,37,1,0
BRDA:367,38,0,0
BRDA:367,38,1,0
BRDA:376,39,0,0
BRDA:376,39,1,0
BRDA:391,40,0,0
BRDA:391,40,1,0
BRDA:393,41,0,0
BRDA:393,41,1,0
BRDA:395,42,0,0
BRDA:395,42,1,0
BRF:86
BRH:0
end_of_record
TN:
SF:src\ai\context\real-time-monitor.ts
FN:18,(anonymous_0)
FN:25,(anonymous_1)
FN:31,(anonymous_2)
FN:39,(anonymous_3)
FN:50,(anonymous_4)
FN:56,(anonymous_5)
FN:64,(anonymous_6)
FN:72,(anonymous_7)
FN:77,(anonymous_8)
FN:94,(anonymous_9)
FN:98,(anonymous_10)
FN:99,(anonymous_11)
FN:100,(anonymous_12)
FN:101,(anonymous_13)
FN:109,(anonymous_14)
FN:136,(anonymous_15)
FN:153,(anonymous_16)
FN:177,(anonymous_17)
FN:191,(anonymous_18)
FN:200,(anonymous_19)
FN:210,(anonymous_20)
FN:220,(anonymous_21)
FN:222,(anonymous_22)
FN:224,(anonymous_23)
FN:230,(anonymous_24)
FN:237,(anonymous_25)
FN:238,(anonymous_26)
FN:243,(anonymous_27)
FN:252,(anonymous_28)
FN:253,(anonymous_29)
FN:254,(anonymous_30)
FNF:31
FNH:0
FNDA:0,(anonymous_0)
FNDA:0,(anonymous_1)
FNDA:0,(anonymous_2)
FNDA:0,(anonymous_3)
FNDA:0,(anonymous_4)
FNDA:0,(anonymous_5)
FNDA:0,(anonymous_6)
FNDA:0,(anonymous_7)
FNDA:0,(anonymous_8)
FNDA:0,(anonymous_9)
FNDA:0,(anonymous_10)
FNDA:0,(anonymous_11)
FNDA:0,(anonymous_12)
FNDA:0,(anonymous_13)
FNDA:0,(anonymous_14)
FNDA:0,(anonymous_15)
FNDA:0,(anonymous_16)
FNDA:0,(anonymous_17)
FNDA:0,(anonymous_18)
FNDA:0,(anonymous_19)
FNDA:0,(anonymous_20)
FNDA:0,(anonymous_21)
FNDA:0,(anonymous_22)
FNDA:0,(anonymous_23)
FNDA:0,(anonymous_24)
FNDA:0,(anonymous_25)
FNDA:0,(anonymous_26)
FNDA:0,(anonymous_27)
FNDA:0,(anonymous_28)
FNDA:0,(anonymous_29)
FNDA:0,(anonymous_30)
DA:11,0
DA:12,0
DA:13,0
DA:15,0
DA:17,0
DA:19,0
DA:20,0
DA:26,0
DA:27,0
DA:28,0
DA:29,0
DA:31,0
DA:32,0
DA:34,0
DA:40,0
DA:41,0
DA:42,0
DA:44,0
DA:45,0
DA:51,0
DA:53,0
DA:55,0
DA:56,0
DA:58,0
DA:60,0
DA:62,0
DA:63,0
DA:64,0
DA:67,0
DA:74,0
DA:76,0
DA:77,0
DA:78,0
DA:95,0
DA:96,0
DA:97,0
DA:98,0
DA:99,0
DA:100,0
DA:101,0
DA:102,0
DA:103,0
DA:110,0
DA:136,0
DA:137,0
DA:138,0
DA:145,0
DA:146,0
DA:154,0
DA:155,0
DA:156,0
DA:157,0
DA:159,0
DA:160,0
DA:172,0
DA:178,0
DA:185,0
DA:186,0
DA:192,0
DA:193,0
DA:201,0
DA:211,0
DA:221,0
DA:222,0
DA:225,0
DA:231,0
DA:232,0
DA:238,0
DA:244,0
DA:245,0
DA:247,0
DA:248,0
DA:249,0
DA:250,0
DA:251,0
DA:252,0
DA:253,0
DA:254,0
DA:255,0
DA:256,0
DA:257,0
DA:258,0
DA:259,0
DA:260,0
DA:262,0
DA:263,0
DA:264,0
DA:265,0
DA:266,0
DA:267,0
LF:90
LH:0
BRDA:26,0,0,0
BRDA:26,0,1,0
BRDA:40,1,0,0
BRDA:40,1,1,0
BRDA:62,2,0,0
BRDA:62,2,1,0
BRDA:95,3,0,0
BRDA:95,3,1,0
BRDA:137,4,0,0
BRDA:137,4,1,0
BRDA:157,5,0,0
BRDA:157,5,1,0
BRDA:159,6,0,0
BRDA:159,6,1,0
BRDA:167,7,0,0
BRDA:167,7,1,0
BRDA:167,8,0,0
BRDA:167,8,1,0
BRDA:185,9,0,0
BRDA:185,9,1,0
BRDA:195,10,0,0
BRDA:195,10,1,0
BRDA:238,11,0,0
BRDA:238,11,1,0
BRDA:244,12,0,0
BRDA:244,12,1,0
BRDA:249,13,0,0
BRDA:249,13,1,0
BRDA:256,14,0,0
BRDA:256,14,1,0
BRDA:258,15,0,0
BRDA:258,15,1,0
BRF:32
BRH:0
end_of_record
TN:
SF:src\ai\decision\causal-inference.ts
FN:15,(anonymous_0)
FN:24,(anonymous_1)
FN:31,(anonymous_2)
FN:38,(anonymous_3)
FN:39,(anonymous_4)
FN:50,(anonymous_5)
FN:51,(anonymous_6)
FN:54,(anonymous_7)
FN:55,(anonymous_8)
FN:73,(anonymous_9)
FN:107,(anonymous_10)
FN:114,(anonymous_11)
FN:115,(anonymous_12)
FN:131,(anonymous_13)
FN:166,(anonymous_14)
FN:182,(anonymous_15)
FN:182,(anonymous_16)
FN:232,(anonymous_17)
FN:238,(anonymous_18)
FN:239,(anonymous_19)
FN:246,(anonymous_20)
FN:266,(anonymous_21)
FN:267,(anonymous_22)
FN:269,(anonymous_23)
FN:271,(anonymous_24)
FN:272,(anonymous_25)
FN:277,(anonymous_26)
FN:282,(anonymous_27)
FN:292,(anonymous_28)
FN:321,(anonymous_29)
FN:339,(anonymous_30)
FN:360,(anonymous_31)
FN:362,(anonymous_32)
FN:363,(anonymous_33)
FN:364,(anonymous_34)
FN:365,(anonymous_35)
FN:366,(anonymous_36)
FN:374,(anonymous_37)
FN:375,(anonymous_38)
FN:376,(anonymous_39)
FN:381,(anonymous_40)
FN:394,(anonymous_41)
FN:403,(anonymous_42)
FNF:43
FNH:0
FNDA:0,(anonymous_0)
FNDA:0,(anonymous_1)
FNDA:0,(anonymous_2)
FNDA:0,(anonymous_3)
FNDA:0,(anonymous_4)
FNDA:0,(anonymous_5)
FNDA:0,(anonymous_6)
FNDA:0,(anonymous_7)
FNDA:0,(anonymous_8)
FNDA:0,(anonymous_9)
FNDA:0,(anonymous_10)
FNDA:0,(anonymous_11)
FNDA:0,(anonymous_12)
FNDA:0,(anonymous_13)
FNDA:0,(anonymous_14)
FNDA:0,(anonymous_15)
FNDA:0,(anonymous_16)
FNDA:0,(anonymous_17)
FNDA:0,(anonymous_18)
FNDA:0,(anonymous_19)
FNDA:0,(anonymous_20)
FNDA:0,(anonymous_21)
FNDA:0,(anonymous_22)
FNDA:0,(anonymous_23)
FNDA:0,(anonymous_24)
FNDA:0,(anonymous_25)
FNDA:0,(anonymous_26)
FNDA:0,(anonymous_27)
FNDA:0,(anonymous_28)
FNDA:0,(anonymous_29)
FNDA:0,(anonymous_30)
FNDA:0,(anonymous_31)
FNDA:0,(anonymous_32)
FNDA:0,(anonymous_33)
FNDA:0,(anonymous_34)
FNDA:0,(anonymous_35)
FNDA:0,(anonymous_36)
FNDA:0,(anonymous_37)
FNDA:0,(anonymous_38)
FNDA:0,(anonymous_39)
FNDA:0,(anonymous_40)
FNDA:0,(anonymous_41)
FNDA:0,(anonymous_42)
DA:10,0
DA:11,0
DA:16,0
DA:17,0
DA:18,0
DA:19,0
DA:25,0
DA:26,0
DA:32,0
DA:33,0
DA:34,0
DA:35,0
DA:36,0
DA:38,0
DA:39,0
DA:40,0
DA:41,0
DA:50,0
DA:51,0
DA:52,0
DA:54,0
DA:55,0
DA:56,0
DA:58,0
DA:59,0
DA:60,0
DA:61,0
DA:74,0
DA:75,0
DA:76,0
DA:77,0
DA:78,0
DA:80,0
DA:82,0
DA:84,0
DA:85,0
DA:86,0
DA:87,0
DA:88,0
DA:89,0
DA:92,0
DA:93,0
DA:94,0
DA:95,0
DA:109,0
DA:110,0
DA:112,0
DA:113,0
DA:114,0
DA:115,0
DA:116,0
DA:118,0
DA:119,0
DA:126,0
DA:132,0
DA:133,0
DA:134,0
DA:135,0
DA:136,0
DA:137,0
DA:139,0
DA:140,0
DA:141,0
DA:142,0
DA:143,0
DA:144,0
DA:145,0
DA:146,0
DA:147,0
DA:148,0
DA:149,0
DA:152,0
DA:153,0
DA:157,0
DA:158,0
DA:161,0
DA:167,0
DA:168,0
DA:169,0
DA:170,0
DA:171,0
DA:172,0
DA:173,0
DA:174,0
DA:175,0
DA:177,0
DA:178,0
DA:179,0
DA:180,0
DA:182,0
DA:183,0
DA:185,0
DA:186,0
DA:187,0
DA:188,0
DA:195,0
DA:196,0
DA:205,0
DA:211,0
DA:212,0
DA:213,0
DA:214,0
DA:218,0
DA:222,0
DA:235,0
DA:236,0
DA:237,0
DA:238,0
DA:239,0
DA:240,0
DA:241,0
DA:247,0
DA:248,0
DA:249,0
DA:250,0
DA:252,0
DA:254,0
DA:255,0
DA:256,0
DA:267,0
DA:269,0
DA:271,0
DA:272,0
DA:279,0
DA:280,0
DA:281,0
DA:282,0
DA:284,0
DA:285,0
DA:287,0
DA:293,0
DA:294,0
DA:295,0
DA:296,0
DA:298,0
DA:299,0
DA:300,0
DA:302,0
DA:304,0
DA:305,0
DA:306,0
DA:309,0
DA:316,0
DA:323,0
DA:324,0
DA:326,0
DA:327,0
DA:328,0
DA:329,0
DA:330,0
DA:334,0
DA:340,0
DA:341,0
DA:342,0
DA:343,0
DA:344,0
DA:345,0
DA:346,0
DA:347,0
DA:348,0
DA:349,0
DA:350,0
DA:351,0
DA:355,0
DA:361,0
DA:362,0
DA:363,0
DA:364,0
DA:365,0
DA:366,0
DA:367,0
DA:368,0
DA:369,0
DA:375,0
DA:376,0
DA:382,0
DA:383,0
DA:384,0
DA:385,0
DA:395,0
DA:404,0
DA:405,0
DA:406,0
LF:183
LH:0
BRDA:33,0,0,0
BRDA:33,0,1,0
BRDA:40,1,0,0
BRDA:40,1,1,0
BRDA:40,2,0,0
BRDA:40,2,1,0
BRDA:75,3,0,0
BRDA:75,3,1,0
BRDA:87,4,0,0
BRDA:87,4,1,0
BRDA:87,5,0,0
BRDA:87,5,1,0
BRDA:92,6,0,0
BRDA:92,6,1,0
BRDA:116,7,0,0
BRDA:116,7,1,0
BRDA:123,8,0,0
BRDA:123,8,1,0
BRDA:135,9,0,0
BRDA:135,9,1,0
BRDA:142,10,0,0
BRDA:142,10,1,0
BRDA:142,11,0,0
BRDA:142,11,1,0
BRDA:144,12,0,0
BRDA:144,12,1,0
BRDA:147,13,0,0
BRDA:147,13,1,0
BRDA:152,14,0,0
BRDA:152,14,1,0
BRDA:152,15,0,0
BRDA:152,15,1,0
BRDA:154,16,0,0
BRDA:154,16,1,0
BRDA:155,17,0,0
BRDA:155,17,1,0
BRDA:168,18,0,0
BRDA:168,18,1,0
BRDA:183,19,0,0
BRDA:183,19,1,0
BRDA:187,20,0,0
BRDA:187,20,1,0
BRDA:187,21,0,0
BRDA:187,21,1,0
BRDA:192,22,0,0
BRDA:192,22,1,0
BRDA:195,23,0,0
BRDA:195,23,1,0
BRDA:195,24,0,0
BRDA:195,24,1,0
BRDA:200,25,0,0
BRDA:200,25,1,0
BRDA:213,26,0,0
BRDA:213,26,1,0
BRDA:236,27,0,0
BRDA:236,27,1,0
BRDA:248,28,0,0
BRDA:248,28,1,0
BRDA:284,29,0,0
BRDA:284,29,1,0
BRDA:287,30,0,0
BRDA:287,30,1,0
BRDA:294,31,0,0
BRDA:294,31,1,0
BRDA:299,32,0,0
BRDA:299,32,1,0
BRDA:305,33,0,0
BRDA:305,33,1,0
BRDA:306,34,0,0
BRDA:306,34,1,0
BRDA:326,35,0,0
BRDA:326,35,1,0
BRDA:329,36,0,0
BRDA:329,36,1,0
BRDA:329,37,0,0
BRDA:329,37,1,0
BRDA:344,38,0,0
BRDA:344,38,1,0
BRDA:346,39,0,0
BRDA:346,39,1,0
BRDA:350,40,0,0
BRDA:350,40,1,0
BRDA:369,41,0,0
BRDA:369,41,1,0
BRDA:381,42,0,0
BRDA:383,43,0,0
BRDA:383,43,1,0
BRDA:383,44,0,0
BRDA:383,44,1,0
BRF:89
BRH:0
end_of_record
TN:
SF:src\ai\decision\game-theory.ts
FN:15,(anonymous_0)
FN:41,(anonymous_1)
FN:49,(anonymous_2)
FN:58,(anonymous_3)
FN:97,(anonymous_4)
FN:117,(anonymous_5)
FN:132,(anonymous_6)
FN:162,(anonymous_7)
FN:183,(anonymous_8)
FN:189,(anonymous_9)
FN:217,(anonymous_10)
FN:245,(anonymous_11)
FN:250,(anonymous_12)
FN:252,(anonymous_13)
FN:288,(anonymous_14)
FN:293,(anonymous_15)
FN:324,(anonymous_16)
FN:333,(anonymous_17)
FN:357,(anonymous_18)
FN:359,(anonymous_19)
FN:372,(anonymous_20)
FN:388,(anonymous_21)
FN:418,(anonymous_22)
FN:442,(anonymous_23)
FN:449,(anonymous_24)
FN:458,(anonymous_25)
FNF:26
FNH:0
FNDA:0,(anonymous_0)
FNDA:0,(anonymous_1)
FNDA:0,(anonymous_2)
FNDA:0,(anonymous_3)
FNDA:0,(anonymous_4)
FNDA:0,(anonymous_5)
FNDA:0,(anonymous_6)
FNDA:0,(anonymous_7)
FNDA:0,(anonymous_8)
FNDA:0,(anonymous_9)
FNDA:0,(anonymous_10)
FNDA:0,(anonymous_11)
FNDA:0,(anonymous_12)
FNDA:0,(anonymous_13)
FNDA:0,(anonymous_14)
FNDA:0,(anonymous_15)
FNDA:0,(anonymous_16)
FNDA:0,(anonymous_17)
FNDA:0,(anonymous_18)
FNDA:0,(anonymous_19)
FNDA:0,(anonymous_20)
FNDA:0,(anonymous_21)
FNDA:0,(anonymous_22)
FNDA:0,(anonymous_23)
FNDA:0,(anonymous_24)
FNDA:0,(anonymous_25)
DA:10,0
DA:11,0
DA:16,0
DA:17,0
DA:18,0
DA:19,0
DA:22,0
DA:23,0
DA:24,0
DA:25,0
DA:26,0
DA:27,0
DA:28,0
DA:29,0
DA:30,0
DA:31,0
DA:32,0
DA:33,0
DA:34,0
DA:35,0
DA:36,0
DA:41,0
DA:42,0
DA:43,0
DA:44,0
DA:50,0
DA:51,0
DA:52,0
DA:53,0
DA:54,0
DA:55,0
DA:56,0
DA:58,0
DA:59,0
DA:61,0
DA:62,0
DA:63,0
DA:64,0
DA:66,0
DA:74,0
DA:76,0
DA:77,0
DA:78,0
DA:79,0
DA:82,0
DA:84,0
DA:85,0
DA:86,0
DA:88,0
DA:92,0
DA:98,0
DA:99,0
DA:100,0
DA:102,0
DA:103,0
DA:104,0
DA:105,0
DA:106,0
DA:107,0
DA:108,0
DA:112,0
DA:118,0
DA:119,0
DA:120,0
DA:121,0
DA:122,0
DA:123,0
DA:124,0
DA:125,0
DA:127,0
DA:133,0
DA:134,0
DA:135,0
DA:136,0
DA:137,0
DA:138,0
DA:140,0
DA:141,0
DA:142,0
DA:143,0
DA:144,0
DA:145,0
DA:157,0
DA:163,0
DA:164,0
DA:165,0
DA:166,0
DA:167,0
DA:168,0
DA:169,0
DA:170,0
DA:171,0
DA:172,0
DA:173,0
DA:174,0
DA:178,0
DA:184,0
DA:185,0
DA:186,0
DA:189,0
DA:190,0
DA:191,0
DA:192,0
DA:193,0
DA:194,0
DA:195,0
DA:197,0
DA:198,0
DA:201,0
DA:203,0
DA:204,0
DA:205,0
DA:206,0
DA:207,0
DA:210,0
DA:212,0
DA:218,0
DA:219,0
DA:220,0
DA:221,0
DA:222,0
DA:223,0
DA:224,0
DA:225,0
DA:226,0
DA:227,0
DA:228,0
DA:229,0
DA:230,0
DA:240,0
DA:246,0
DA:247,0
DA:248,0
DA:249,0
DA:250,0
DA:252,0
DA:253,0
DA:254,0
DA:255,0
DA:256,0
DA:257,0
DA:258,0
DA:260,0
DA:261,0
DA:262,0
DA:265,0
DA:267,0
DA:269,0
DA:270,0
DA:271,0
DA:272,0
DA:275,0
DA:276,0
DA:277,0
DA:278,0
DA:280,0
DA:281,0
DA:283,0
DA:289,0
DA:290,0
DA:291,0
DA:292,0
DA:293,0
DA:294,0
DA:295,0
DA:297,0
DA:298,0
DA:299,0
DA:300,0
DA:301,0
DA:302,0
DA:304,0
DA:305,0
DA:306,0
DA:307,0
DA:308,0
DA:312,0
DA:314,0
DA:315,0
DA:316,0
DA:325,0
DA:326,0
DA:327,0
DA:328,0
DA:329,0
DA:330,0
DA:332,0
DA:333,0
DA:334,0
DA:335,0
DA:336,0
DA:338,0
DA:340,0
DA:341,0
DA:342,0
DA:343,0
DA:346,0
DA:348,0
DA:349,0
DA:350,0
DA:357,0
DA:358,0
DA:359,0
DA:360,0
DA:370,0
DA:371,0
DA:372,0
DA:373,0
DA:375,0
DA:389,0
DA:390,0
DA:391,0
DA:392,0
DA:393,0
DA:394,0
DA:396,0
DA:397,0
DA:398,0
DA:399,0
DA:400,0
DA:401,0
DA:402,0
DA:406,0
DA:407,0
DA:408,0
DA:411,0
DA:413,0
DA:420,0
DA:421,0
DA:422,0
DA:423,0
DA:424,0
DA:425,0
DA:426,0
DA:427,0
DA:428,0
DA:429,0
DA:430,0
DA:431,0
DA:437,0
DA:443,0
DA:444,0
DA:450,0
DA:459,0
DA:460,0
DA:461,0
LF:246
LH:0
BRDA:27,0,0,0
BRDA:27,0,1,0
BRDA:32,1,0,0
BRDA:32,1,1,0
BRDA:34,2,0,0
BRDA:34,2,1,0
BRDA:51,3,0,0
BRDA:51,3,1,0
BRDA:59,4,0,0
BRDA:59,4,1,0
BRDA:61,5,0,0
BRDA:61,5,1,0
BRDA:84,6,0,0
BRDA:84,6,1,0
BRDA:103,7,0,0
BRDA:103,7,1,0
BRDA:107,8,0,0
BRDA:107,8,1,0
BRDA:121,9,0,0
BRDA:121,9,1,0
BRDA:125,10,0,0
BRDA:125,10,1,0
BRDA:136,11,0,0
BRDA:136,11,1,0
BRDA:136,12,0,0
BRDA:136,12,1,0
BRDA:142,13,0,0
BRDA:142,13,1,0
BRDA:144,14,0,0
BRDA:144,14,1,0
BRDA:144,15,0,0
BRDA:144,15,1,0
BRDA:168,16,0,0
BRDA:168,16,1,0
BRDA:173,17,0,0
BRDA:173,17,1,0
BRDA:178,18,0,0
BRDA:178,18,1,0
BRDA:190,19,0,0
BRDA:190,19,1,0
BRDA:194,20,0,0
BRDA:194,20,1,0
BRDA:197,21,0,0
BRDA:197,21,1,0
BRDA:206,22,0,0
BRDA:206,22,1,0
BRDA:219,23,0,0
BRDA:219,23,1,0
BRDA:229,24,0,0
BRDA:229,24,1,0
BRDA:253,25,0,0
BRDA:253,25,1,0
BRDA:254,26,0,0
BRDA:254,26,1,0
BRDA:255,27,0,0
BRDA:255,27,1,0
BRDA:256,28,0,0
BRDA:256,28,1,0
BRDA:260,29,0,0
BRDA:260,29,1,0
BRDA:277,30,0,0
BRDA:277,30,1,0
BRDA:278,31,0,0
BRDA:278,31,1,0
BRDA:280,32,0,0
BRDA:280,32,1,0
BRDA:281,33,0,0
BRDA:281,33,1,0
BRDA:290,34,0,0
BRDA:290,34,1,0
BRDA:294,35,0,0
BRDA:294,35,1,0
BRDA:295,36,0,0
BRDA:295,36,1,0
BRDA:301,37,0,0
BRDA:301,37,1,0
BRDA:305,38,0,0
BRDA:305,38,1,0
BRDA:305,39,0,0
BRDA:305,39,1,0
BRDA:305,40,0,0
BRDA:305,40,1,0
BRDA:326,41,0,0
BRDA:326,41,1,0
BRDA:334,42,0,0
BRDA:334,42,1,0
BRDA:335,43,0,0
BRDA:335,43,1,0
BRDA:354,44,0,0
BRDA:354,44,1,0
BRDA:359,45,0,0
BRDA:359,45,1,0
BRDA:371,46,0,0
BRDA:371,46,1,0
BRDA:372,47,0,0
BRDA:372,47,1,0
BRDA:397,48,0,0
BRDA:397,48,1,0
BRDA:400,49,0,0
BRDA:400,49,1,0
BRDA:401,50,0,0
BRDA:401,50,1,0
BRDA:406,51,0,0
BRDA:406,51,1,0
BRDA:424,52,0,0
BRDA:424,52,1,0
BRDA:427,53,0,0
BRDA:427,53,1,0
BRDA:428,54,0,0
BRDA:428,54,1,0
BRDA:429,55,0,0
BRDA:429,55,1,0
BRDA:437,56,0,0
BRDA:437,56,1,0
BRF:114
BRH:0
end_of_record
TN:
SF:src\ai\decision\index.ts
FN:20,(anonymous_0)
FN:30,(anonymous_1)
FN:31,(anonymous_2)
FN:32,(anonymous_3)
FN:33,(anonymous_4)
FN:41,(anonymous_5)
FN:67,(anonymous_6)
FN:70,(anonymous_7)
FN:109,(anonymous_8)
FN:127,(anonymous_9)
FN:130,(anonymous_10)
FN:145,(anonymous_11)
FN:176,(anonymous_12)
FN:193,(anonymous_13)
FN:194,(anonymous_14)
FN:206,(anonymous_15)
FN:297,(anonymous_16)
FN:305,(anonymous_17)
FN:306,(anonymous_18)
FN:310,(anonymous_19)
FN:320,(anonymous_20)
FN:335,(anonymous_21)
FN:365,(anonymous_22)
FN:384,(anonymous_23)
FN:409,(anonymous_24)
FN:434,(anonymous_25)
FN:435,(anonymous_26)
FN:448,(anonymous_27)
FN:451,(anonymous_28)
FN:454,(anonymous_29)
FN:463,(anonymous_30)
FN:474,(anonymous_31)
FNF:32
FNH:0
FNDA:0,(anonymous_0)
FNDA:0,(anonymous_1)
FNDA:0,(anonymous_2)
FNDA:0,(anonymous_3)
FNDA:0,(anonymous_4)
FNDA:0,(anonymous_5)
FNDA:0,(anonymous_6)
FNDA:0,(anonymous_7)
FNDA:0,(anonymous_8)
FNDA:0,(anonymous_9)
FNDA:0,(anonymous_10)
FNDA:0,(anonymous_11)
FNDA:0,(anonymous_12)
FNDA:0,(anonymous_13)
FNDA:0,(anonymous_14)
FNDA:0,(anonymous_15)
FNDA:0,(anonymous_16)
FNDA:0,(anonymous_17)
FNDA:0,(anonymous_18)
FNDA:0,(anonymous_19)
FNDA:0,(anonymous_20)
FNDA:0,(anonymous_21)
FNDA:0,(anonymous_22)
FNDA:0,(anonymous_23)
FNDA:0,(anonymous_24)
FNDA:0,(anonymous_25)
FNDA:0,(anonymous_26)
FNDA:0,(anonymous_27)
FNDA:0,(anonymous_28)
FNDA:0,(anonymous_29)
FNDA:0,(anonymous_30)
FNDA:0,(anonymous_31)
DA:18,0
DA:19,0
DA:21,0
DA:22,0
DA:23,0
DA:24,0
DA:25,0
DA:31,0
DA:32,0
DA:33,0
DA:42,0
DA:43,0
DA:45,0
DA:46,0
DA:47,0
DA:50,0
DA:51,0
DA:59,0
DA:61,0
DA:63,0
DA:67,0
DA:70,0
DA:97,0
DA:98,0
DA:100,0
DA:101,0
DA:110,0
DA:111,0
DA:113,0
DA:115,0
DA:117,0
DA:118,0
DA:120,0
DA:121,0
DA:127,0
DA:130,0
DA:145,0
DA:176,0
DA:184,0
DA:185,0
DA:187,0
DA:188,0
DA:194,0
DA:196,0
DA:197,0
DA:207,0
DA:208,0
DA:210,0
DA:212,0
DA:214,0
DA:215,0
DA:285,0
DA:286,0
DA:288,0
DA:289,0
DA:298,0
DA:299,0
DA:300,0
DA:302,0
DA:303,0
DA:305,0
DA:306,0
DA:307,0
DA:308,0
DA:310,0
DA:311,0
DA:312,0
DA:313,0
DA:321,0
DA:322,0
DA:323,0
DA:325,0
DA:326,0
DA:327,0
DA:328,0
DA:330,0
DA:336,0
DA:337,0
DA:338,0
DA:339,0
DA:340,0
DA:342,0
DA:343,0
DA:344,0
DA:346,0
DA:347,0
DA:348,0
DA:350,0
DA:351,0
DA:353,0
DA:354,0
DA:356,0
DA:357,0
DA:359,0
DA:360,0
DA:367,0
DA:368,0
DA:369,0
DA:370,0
DA:371,0
DA:372,0
DA:374,0
DA:375,0
DA:376,0
DA:385,0
DA:410,0
DA:412,0
DA:413,0
DA:421,0
DA:422,0
DA:429,0
DA:435,0
DA:436,0
DA:437,0
DA:449,0
DA:452,0
DA:455,0
DA:464,0
DA:475,0
DA:476,0
DA:477,0
DA:478,0
DA:479,0
DA:480,0
LF:124
LH:0
BRDA:55,0,0,0
BRDA:55,0,1,0
BRDA:73,1,0,0
BRDA:73,1,1,0
BRDA:89,2,0,0
BRDA:89,2,1,0
BRDA:97,3,0,0
BRDA:97,3,1,0
BRDA:120,4,0,0
BRDA:120,4,1,0
BRDA:124,5,0,0
BRDA:124,5,1,0
BRDA:135,6,0,0
BRDA:135,6,1,0
BRDA:141,7,0,0
BRDA:141,7,1,0
BRDA:151,8,0,0
BRDA:151,8,1,0
BRDA:152,9,0,0
BRDA:152,9,1,0
BRDA:157,10,0,0
BRDA:157,10,1,0
BRDA:175,11,0,0
BRDA:175,11,1,0
BRDA:184,12,0,0
BRDA:184,12,1,0
BRDA:214,13,0,0
BRDA:214,13,1,0
BRDA:218,14,0,0
BRDA:218,14,1,0
BRDA:254,15,0,0
BRDA:254,15,1,0
BRDA:255,16,0,0
BRDA:255,16,1,0
BRDA:263,17,0,0
BRDA:263,17,1,0
BRDA:285,18,0,0
BRDA:285,18,1,0
BRDA:297,19,0,0
BRDA:299,20,0,0
BRDA:299,20,1,0
BRDA:322,21,0,0
BRDA:322,21,1,0
BRDA:326,22,0,0
BRDA:326,22,1,0
BRDA:337,23,0,0
BRDA:337,23,1,0
BRDA:340,24,0,0
BRDA:340,24,1,0
BRDA:340,24,2,0
BRDA:340,24,3,0
BRDA:350,25,0,0
BRDA:350,25,1,0
BRDA:367,26,0,0
BRDA:367,26,1,0
BRDA:369,27,0,0
BRDA:369,27,1,0
BRDA:371,28,0,0
BRDA:371,28,1,0
BRDA:374,29,0,0
BRDA:374,29,1,0
BRDA:412,30,0,0
BRDA:412,30,1,0
BRDA:421,31,0,0
BRDA:421,31,1,0
BRF:65
BRH:0
end_of_record
TN:
SF:src\ai\decision\multi-objective.ts
FN:15,(anonymous_0)
FN:22,(anonymous_1)
FN:29,(anonymous_2)
FN:47,(anonymous_3)
FN:48,(anonymous_4)
FN:63,(anonymous_5)
FN:67,(anonymous_6)
FN:67,(anonymous_7)
FN:74,(anonymous_8)
FN:97,(anonymous_9)
FN:98,(anonymous_10)
FN:111,(anonymous_11)
FN:141,(anonymous_12)
FN:166,(anonymous_13)
FN:169,(anonymous_14)
FN:183,(anonymous_15)
FN:210,(anonymous_16)
FN:217,(anonymous_17)
FN:218,(anonymous_18)
FN:240,(anonymous_19)
FN:242,(anonymous_20)
FN:249,(anonymous_21)
FN:252,(anonymous_22)
FN:253,(anonymous_23)
FN:257,(anonymous_24)
FN:279,(anonymous_25)
FN:281,(anonymous_26)
FN:282,(anonymous_27)
FN:283,(anonymous_28)
FN:284,(anonymous_29)
FN:285,(anonymous_30)
FN:293,(anonymous_31)
FN:294,(anonymous_32)
FN:295,(anonymous_33)
FN:300,(anonymous_34)
FN:303,(anonymous_35)
FN:326,(anonymous_36)
FN:327,(anonymous_37)
FN:333,(anonymous_38)
FN:334,(anonymous_39)
FN:340,(anonymous_40)
FN:349,(anonymous_41)
FNF:42
FNH:0
FNDA:0,(anonymous_0)
FNDA:0,(anonymous_1)
FNDA:0,(anonymous_2)
FNDA:0,(anonymous_3)
FNDA:0,(anonymous_4)
FNDA:0,(anonymous_5)
FNDA:0,(anonymous_6)
FNDA:0,(anonymous_7)
FNDA:0,(anonymous_8)
FNDA:0,(anonymous_9)
FNDA:0,(anonymous_10)
FNDA:0,(anonymous_11)
FNDA:0,(anonymous_12)
FNDA:0,(anonymous_13)
FNDA:0,(anonymous_14)
FNDA:0,(anonymous_15)
FNDA:0,(anonymous_16)
FNDA:0,(anonymous_17)
FNDA:0,(anonymous_18)
FNDA:0,(anonymous_19)
FNDA:0,(anonymous_20)
FNDA:0,(anonymous_21)
FNDA:0,(anonymous_22)
FNDA:0,(anonymous_23)
FNDA:0,(anonymous_24)
FNDA:0,(anonymous_25)
FNDA:0,(anonymous_26)
FNDA:0,(anonymous_27)
FNDA:0,(anonymous_28)
FNDA:0,(anonymous_29)
FNDA:0,(anonymous_30)
FNDA:0,(anonymous_31)
FNDA:0,(anonymous_32)
FNDA:0,(anonymous_33)
FNDA:0,(anonymous_34)
FNDA:0,(anonymous_35)
FNDA:0,(anonymous_36)
FNDA:0,(anonymous_37)
FNDA:0,(anonymous_38)
FNDA:0,(anonymous_39)
FNDA:0,(anonymous_40)
FNDA:0,(anonymous_41)
DA:10,0
DA:11,0
DA:16,0
DA:17,0
DA:23,0
DA:24,0
DA:30,0
DA:31,0
DA:33,0
DA:35,0
DA:37,0
DA:39,0
DA:41,0
DA:43,0
DA:45,0
DA:46,0
DA:47,0
DA:48,0
DA:54,0
DA:58,0
DA:65,0
DA:66,0
DA:67,0
DA:68,0
DA:74,0
DA:75,0
DA:76,0
DA:77,0
DA:78,0
DA:79,0
DA:80,0
DA:83,0
DA:85,0
DA:86,0
DA:88,0
DA:91,0
DA:98,0
DA:99,0
DA:100,0
DA:101,0
DA:102,0
DA:105,0
DA:112,0
DA:113,0
DA:114,0
DA:115,0
DA:116,0
DA:117,0
DA:118,0
DA:119,0
DA:120,0
DA:121,0
DA:123,0
DA:124,0
DA:127,0
DA:136,0
DA:143,0
DA:144,0
DA:145,0
DA:146,0
DA:147,0
DA:148,0
DA:149,0
DA:150,0
DA:151,0
DA:152,0
DA:153,0
DA:154,0
DA:155,0
DA:157,0
DA:158,0
DA:159,0
DA:160,0
DA:161,0
DA:168,0
DA:169,0
DA:171,0
DA:172,0
DA:174,0
DA:175,0
DA:176,0
DA:185,0
DA:186,0
DA:187,0
DA:190,0
DA:191,0
DA:192,0
DA:193,0
DA:194,0
DA:195,0
DA:196,0
DA:197,0
DA:198,0
DA:200,0
DA:201,0
DA:202,0
DA:205,0
DA:211,0
DA:212,0
DA:213,0
DA:214,0
DA:215,0
DA:217,0
DA:218,0
DA:219,0
DA:221,0
DA:222,0
DA:223,0
DA:224,0
DA:226,0
DA:230,0
DA:239,0
DA:240,0
DA:241,0
DA:242,0
DA:244,0
DA:251,0
DA:252,0
DA:253,0
DA:255,0
DA:256,0
DA:257,0
DA:258,0
DA:259,0
DA:260,0
DA:264,0
DA:265,0
DA:267,0
DA:268,0
DA:270,0
DA:280,0
DA:281,0
DA:282,0
DA:283,0
DA:284,0
DA:285,0
DA:286,0
DA:287,0
DA:288,0
DA:294,0
DA:295,0
DA:301,0
DA:303,0
DA:308,0
DA:309,0
DA:310,0
DA:311,0
DA:312,0
DA:313,0
DA:315,0
DA:316,0
DA:317,0
DA:321,0
DA:327,0
DA:328,0
DA:330,0
DA:332,0
DA:333,0
DA:334,0
DA:335,0
DA:341,0
DA:350,0
DA:351,0
DA:352,0
LF:164
LH:0
BRDA:79,0,0,0
BRDA:79,0,1,0
BRDA:85,1,0,0
BRDA:85,1,1,0
BRDA:101,2,0,0
BRDA:101,2,1,0
BRDA:117,3,0,0
BRDA:117,3,1,0
BRDA:120,4,0,0
BRDA:120,4,1,0
BRDA:123,5,0,0
BRDA:123,5,1,0
BRDA:132,6,0,0
BRDA:132,6,1,0
BRDA:143,7,0,0
BRDA:143,7,1,0
BRDA:145,8,0,0
BRDA:145,8,1,0
BRDA:152,9,0,0
BRDA:152,9,1,0
BRDA:154,10,0,0
BRDA:154,10,1,0
BRDA:157,11,0,0
BRDA:157,11,1,0
BRDA:157,12,0,0
BRDA:157,12,1,0
BRDA:159,13,0,0
BRDA:159,13,1,0
BRDA:159,14,0,0
BRDA:159,14,1,0
BRDA:193,15,0,0
BRDA:193,15,1,0
BRDA:200,16,0,0
BRDA:200,16,1,0
BRDA:224,17,0,0
BRDA:224,17,1,0
BRDA:224,18,0,0
BRDA:224,18,1,0
BRDA:224,18,2,0
BRDA:224,18,3,0
BRDA:241,19,0,0
BRDA:241,19,1,0
BRDA:259,20,0,0
BRDA:259,20,1,0
BRDA:288,21,0,0
BRDA:288,21,1,0
BRDA:305,22,0,0
BRDA:305,22,1,0
BRDA:315,23,0,0
BRDA:315,23,1,0
BRDA:321,24,0,0
BRDA:321,24,1,0
BRDA:333,25,0,0
BRDA:333,25,1,0
BRF:54
BRH:0
end_of_record
TN:
SF:src\ai\evidence\collection-engine.ts
FN:16,(anonymous_0)
FN:49,(anonymous_1)
FN:75,(anonymous_2)
FN:93,(anonymous_3)
FN:111,(anonymous_4)
FN:128,(anonymous_5)
FN:145,(anonymous_6)
FN:163,(anonymous_7)
FN:181,(anonymous_8)
FN:198,(anonymous_9)
FN:219,(anonymous_10)
FN:252,(anonymous_11)
FN:270,(anonymous_12)
FN:291,(anonymous_13)
FN:304,(anonymous_14)
FN:310,(anonymous_15)
FN:320,(anonymous_16)
FN:324,(anonymous_17)
FN:328,(anonymous_18)
FN:332,(anonymous_19)
FN:340,(anonymous_20)
FN:348,(anonymous_21)
FN:355,(anonymous_22)
FN:358,(anonymous_23)
FN:361,(anonymous_24)
FN:363,(anonymous_25)
FN:365,(anonymous_26)
FN:367,(anonymous_27)
FN:369,(anonymous_28)
FN:372,(anonymous_29)
FN:378,(anonymous_30)
FNF:31
FNH:0
FNDA:0,(anonymous_0)
FNDA:0,(anonymous_1)
FNDA:0,(anonymous_2)
FNDA:0,(anonymous_3)
FNDA:0,(anonymous_4)
FNDA:0,(anonymous_5)
FNDA:0,(anonymous_6)
FNDA:0,(anonymous_7)
FNDA:0,(anonymous_8)
FNDA:0,(anonymous_9)
FNDA:0,(anonymous_10)
FNDA:0,(anonymous_11)
FNDA:0,(anonymous_12)
FNDA:0,(anonymous_13)
FNDA:0,(anonymous_14)
FNDA:0,(anonymous_15)
FNDA:0,(anonymous_16)
FNDA:0,(anonymous_17)
FNDA:0,(anonymous_18)
FNDA:0,(anonymous_19)
FNDA:0,(anonymous_20)
FNDA:0,(anonymous_21)
FNDA:0,(anonymous_22)
FNDA:0,(anonymous_23)
FNDA:0,(anonymous_24)
FNDA:0,(anonymous_25)
FNDA:0,(anonymous_26)
FNDA:0,(anonymous_27)
FNDA:0,(anonymous_28)
FNDA:0,(anonymous_29)
FNDA:0,(anonymous_30)
DA:11,0
DA:12,0
DA:17,0
DA:18,0
DA:19,0
DA:20,0
DA:21,0
DA:22,0
DA:23,0
DA:24,0
DA:25,0
DA:26,0
DA:28,0
DA:29,0
DA:31,0
DA:35,0
DA:36,0
DA:39,0
DA:44,0
DA:50,0
DA:52,0
DA:54,0
DA:56,0
DA:58,0
DA:60,0
DA:62,0
DA:64,0
DA:66,0
DA:68,0
DA:69,0
DA:76,0
DA:77,0
DA:78,0
DA:91,0
DA:94,0
DA:95,0
DA:96,0
DA:109,0
DA:112,0
DA:113,0
DA:126,0
DA:129,0
DA:130,0
DA:143,0
DA:146,0
DA:147,0
DA:148,0
DA:161,0
DA:164,0
DA:165,0
DA:166,0
DA:179,0
DA:182,0
DA:183,0
DA:196,0
DA:199,0
DA:200,0
DA:201,0
DA:214,0
DA:221,0
DA:226,0
DA:228,0
DA:230,0
DA:233,0
DA:235,0
DA:240,0
DA:253,0
DA:268,0
DA:271,0
DA:272,0
DA:273,0
DA:275,0
DA:276,0
DA:277,0
DA:279,0
DA:287,0
DA:288,0
DA:289,0
DA:292,0
DA:293,0
DA:294,0
DA:295,0
DA:298,0
DA:299,0
DA:300,0
DA:301,0
DA:302,0
DA:305,0
DA:311,0
DA:312,0
DA:313,0
DA:314,0
DA:315,0
DA:316,0
DA:318,0
DA:322,0
DA:326,0
DA:330,0
DA:333,0
DA:341,0
DA:350,0
DA:356,0
DA:359,0
DA:362,0
DA:363,0
DA:366,0
DA:367,0
DA:370,0
DA:371,0
DA:372,0
DA:373,0
DA:375,0
DA:378,0
LF:113
LH:0
BRDA:24,0,0,0
BRDA:24,0,1,0
BRDA:28,1,0,0
BRDA:28,1,1,0
BRDA:50,2,0,0
BRDA:50,2,1,0
BRDA:50,2,2,0
BRDA:50,2,3,0
BRDA:50,2,4,0
BRDA:50,2,5,0
BRDA:50,2,6,0
BRDA:50,2,7,0
BRDA:50,2,8,0
BRDA:228,3,0,0
BRDA:228,3,1,0
BRDA:233,4,0,0
BRDA:233,4,1,0
BRDA:272,5,0,0
BRDA:272,5,1,0
BRDA:276,6,0,0
BRDA:276,6,1,0
BRDA:294,7,0,0
BRDA:294,7,1,0
BRDA:294,8,0,0
BRDA:294,8,1,0
BRDA:301,9,0,0
BRDA:301,9,1,0
BRDA:373,10,0,0
BRDA:373,10,1,0
BRF:29
BRH:0
end_of_record
TN:
SF:src\ai\evidence\index.ts
FN:39,(anonymous_0)
FN:85,(anonymous_1)
FN:86,(anonymous_2)
FN:89,(anonymous_3)
FN:92,(anonymous_4)
FN:99,(anonymous_5)
FN:121,(anonymous_6)
FN:187,(anonymous_7)
FN:190,(anonymous_8)
FN:209,(anonymous_9)
FN:212,(anonymous_10)
FN:224,(anonymous_11)
FN:238,(anonymous_12)
FN:244,(anonymous_13)
FN:249,(anonymous_14)
FN:257,(anonymous_15)
FN:269,(anonymous_16)
FN:270,(anonymous_17)
FN:279,(anonymous_18)
FN:287,(anonymous_19)
FN:299,(anonymous_20)
FN:302,(anonymous_21)
FN:312,(anonymous_22)
FN:318,(anonymous_23)
FN:324,(anonymous_24)
FN:330,(anonymous_25)
FN:336,(anonymous_26)
FN:342,(anonymous_27)
FN:371,(anonymous_28)
FN:374,(anonymous_29)
FN:379,(anonymous_30)
FN:398,(anonymous_31)
FN:401,(anonymous_32)
FN:404,(anonymous_33)
FN:407,(anonymous_34)
FN:414,(anonymous_35)
FN:415,(anonymous_36)
FNF:37
FNH:0
FNDA:0,(anonymous_0)
FNDA:0,(anonymous_1)
FNDA:0,(anonymous_2)
FNDA:0,(anonymous_3)
FNDA:0,(anonymous_4)
FNDA:0,(anonymous_5)
FNDA:0,(anonymous_6)
FNDA:0,(anonymous_7)
FNDA:0,(anonymous_8)
FNDA:0,(anonymous_9)
FNDA:0,(anonymous_10)
FNDA:0,(anonymous_11)
FNDA:0,(anonymous_12)
FNDA:0,(anonymous_13)
FNDA:0,(anonymous_14)
FNDA:0,(anonymous_15)
FNDA:0,(anonymous_16)
FNDA:0,(anonymous_17)
FNDA:0,(anonymous_18)
FNDA:0,(anonymous_19)
FNDA:0,(anonymous_20)
FNDA:0,(anonymous_21)
FNDA:0,(anonymous_22)
FNDA:0,(anonymous_23)
FNDA:0,(anonymous_24)
FNDA:0,(anonymous_25)
FNDA:0,(anonymous_26)
FNDA:0,(anonymous_27)
FNDA:0,(anonymous_28)
FNDA:0,(anonymous_29)
FNDA:0,(anonymous_30)
FNDA:0,(anonymous_31)
FNDA:0,(anonymous_32)
FNDA:0,(anonymous_33)
FNDA:0,(anonymous_34)
FNDA:0,(anonymous_35)
FNDA:0,(anonymous_36)
DA:13,0
DA:14,0
DA:15,0
DA:20,0
DA:26,0
DA:37,0
DA:38,0
DA:40,0
DA:41,0
DA:79,0
DA:80,0
DA:81,0
DA:82,0
DA:83,0
DA:86,0
DA:87,0
DA:89,0
DA:90,0
DA:92,0
DA:93,0
DA:100,0
DA:101,0
DA:102,0
DA:104,0
DA:105,0
DA:106,0
DA:107,0
DA:108,0
DA:109,0
DA:110,0
DA:111,0
DA:112,0
DA:113,0
DA:122,0
DA:123,0
DA:124,0
DA:125,0
DA:126,0
DA:128,0
DA:129,0
DA:132,0
DA:133,0
DA:134,0
DA:138,0
DA:139,0
DA:140,0
DA:143,0
DA:157,0
DA:159,0
DA:160,0
DA:170,0
DA:171,0
DA:172,0
DA:173,0
DA:176,0
DA:177,0
DA:178,0
DA:181,0
DA:188,0
DA:190,0
DA:193,0
DA:194,0
DA:195,0
DA:196,0
DA:197,0
DA:201,0
DA:204,0
DA:210,0
DA:212,0
DA:213,0
DA:224,0
DA:225,0
DA:226,0
DA:238,0
DA:239,0
DA:244,0
DA:249,0
DA:250,0
DA:251,0
DA:259,0
DA:260,0
DA:261,0
DA:262,0
DA:263,0
DA:264,0
DA:268,0
DA:269,0
DA:270,0
DA:271,0
DA:274,0
DA:279,0
DA:288,0
DA:300,0
DA:301,0
DA:302,0
DA:304,0
DA:313,0
DA:319,0
DA:325,0
DA:331,0
DA:337,0
DA:343,0
DA:363,0
DA:369,0
DA:372,0
DA:375,0
DA:376,0
DA:377,0
DA:380,0
DA:381,0
DA:392,0
DA:393,0
DA:399,0
DA:402,0
DA:405,0
DA:408,0
DA:409,0
DA:410,0
DA:412,0
DA:413,0
DA:414,0
DA:415,0
DA:416,0
DA:417,0
DA:418,0
DA:419,0
DA:423,0
LF:127
LH:0
BRDA:101,0,0,0
BRDA:101,0,1,0
BRDA:132,1,0,0
BRDA:132,1,1,0
BRDA:138,2,0,0
BRDA:138,2,1,0
BRDA:190,3,0,0
BRDA:190,3,1,0
BRDA:190,3,2,0
BRDA:195,4,0,0
BRDA:195,4,1,0
BRDA:215,5,0,0
BRDA:215,5,1,0
BRDA:225,6,0,0
BRDA:225,6,1,0
BRDA:228,7,0,0
BRDA:228,7,1,0
BRDA:233,8,0,0
BRDA:233,8,1,0
BRDA:262,9,0,0
BRDA:262,9,1,0
BRDA:262,10,0,0
BRDA:262,10,1,0
BRDA:279,11,0,0
BRDA:279,11,1,0
BRDA:300,12,0,0
BRDA:300,12,1,0
BRDA:409,13,0,0
BRDA:409,13,1,0
BRDA:412,14,0,0
BRDA:412,14,1,0
BRDA:416,15,0,0
BRDA:416,15,1,0
BRDA:417,16,0,0
BRDA:417,16,1,0
BRF:35
BRH:0
end_of_record
TN:
SF:src\ai\evidence\malware-analyzer.ts
FN:13,(anonymous_0)
FN:21,(anonymous_1)
FN:63,(anonymous_2)
FN:86,(anonymous_3)
FN:102,(anonymous_4)
FN:112,(anonymous_5)
FN:127,(anonymous_6)
FN:151,(anonymous_7)
FN:179,(anonymous_8)
FN:202,(anonymous_9)
FN:204,(anonymous_10)
FN:207,(anonymous_11)
FN:218,(anonymous_12)
FN:283,(anonymous_13)
FN:290,(anonymous_14)
FN:321,(anonymous_15)
FN:324,(anonymous_16)
FN:327,(anonymous_17)
FN:344,(anonymous_18)
FN:374,(anonymous_19)
FN:396,(anonymous_20)
FN:399,(anonymous_21)
FN:404,(anonymous_22)
FNF:23
FNH:0
FNDA:0,(anonymous_0)
FNDA:0,(anonymous_1)
FNDA:0,(anonymous_2)
FNDA:0,(anonymous_3)
FNDA:0,(anonymous_4)
FNDA:0,(anonymous_5)
FNDA:0,(anonymous_6)
FNDA:0,(anonymous_7)
FNDA:0,(anonymous_8)
FNDA:0,(anonymous_9)
FNDA:0,(anonymous_10)
FNDA:0,(anonymous_11)
FNDA:0,(anonymous_12)
FNDA:0,(anonymous_13)
FNDA:0,(anonymous_14)
FNDA:0,(anonymous_15)
FNDA:0,(anonymous_16)
FNDA:0,(anonymous_17)
FNDA:0,(anonymous_18)
FNDA:0,(anonymous_19)
FNDA:0,(anonymous_20)
FNDA:0,(anonymous_21)
FNDA:0,(anonymous_22)
DA:11,0
DA:12,0
DA:14,0
DA:15,0
DA:16,0
DA:22,0
DA:23,0
DA:24,0
DA:26,0
DA:27,0
DA:30,0
DA:31,0
DA:32,0
DA:36,0
DA:37,0
DA:38,0
DA:41,0
DA:43,0
DA:45,0
DA:46,0
DA:57,0
DA:58,0
DA:65,0
DA:71,0
DA:73,0
DA:75,0
DA:77,0
DA:78,0
DA:88,0
DA:89,0
DA:103,0
DA:104,0
DA:110,0
DA:113,0
DA:114,0
DA:115,0
DA:117,0
DA:118,0
DA:119,0
DA:120,0
DA:121,0
DA:122,0
DA:123,0
DA:125,0
DA:128,0
DA:129,0
DA:131,0
DA:132,0
DA:133,0
DA:134,0
DA:135,0
DA:138,0
DA:139,0
DA:146,0
DA:149,0
DA:152,0
DA:153,0
DA:155,0
DA:157,0
DA:158,0
DA:166,0
DA:167,0
DA:168,0
DA:169,0
DA:177,0
DA:181,0
DA:183,0
DA:184,0
DA:185,0
DA:192,0
DA:193,0
DA:200,0
DA:204,0
DA:205,0
DA:207,0
DA:208,0
DA:210,0
DA:211,0
DA:213,0
DA:220,0
DA:285,0
DA:292,0
DA:323,0
DA:324,0
DA:325,0
DA:327,0
DA:328,0
DA:336,0
DA:345,0
DA:347,0
DA:360,0
DA:362,0
DA:364,0
DA:365,0
DA:366,0
DA:367,0
DA:368,0
DA:369,0
DA:370,0
DA:372,0
DA:375,0
DA:376,0
DA:377,0
DA:378,0
DA:379,0
DA:381,0
DA:382,0
DA:383,0
DA:385,0
DA:386,0
DA:387,0
DA:389,0
DA:390,0
DA:391,0
DA:397,0
DA:401,0
DA:402,0
DA:406,0
LF:118
LH:0
BRDA:30,0,0,0
BRDA:30,0,1,0
BRDA:36,1,0,0
BRDA:36,1,1,0
BRDA:110,2,0,0
BRDA:110,2,1,0
BRDA:120,3,0,0
BRDA:120,3,1,0
BRDA:134,4,0,0
BRDA:134,4,1,0
BRDA:134,5,0,0
BRDA:134,5,1,0
BRDA:138,6,0,0
BRDA:138,6,1,0
BRDA:168,7,0,0
BRDA:168,7,1,0
BRDA:168,8,0,0
BRDA:168,8,1,0
BRDA:168,8,2,0
BRDA:184,9,0,0
BRDA:184,9,1,0
BRDA:192,10,0,0
BRDA:192,10,1,0
BRDA:204,11,0,0
BRDA:204,11,1,0
BRDA:207,12,0,0
BRDA:207,12,1,0
BRDA:210,13,0,0
BRDA:210,13,1,0
BRDA:324,14,0,0
BRDA:324,14,1,0
BRDA:327,15,0,0
BRDA:327,15,1,0
BRDA:360,16,0,0
BRDA:360,16,1,0
BRDA:364,17,0,0
BRDA:364,17,1,0
BRDA:365,18,0,0
BRDA:365,18,1,0
BRDA:367,19,0,0
BRDA:367,19,1,0
BRDA:369,20,0,0
BRDA:369,20,1,0
BRDA:376,21,0,0
BRDA:376,21,1,0
BRDA:381,22,0,0
BRDA:381,22,1,0
BRDA:385,23,0,0
BRDA:385,23,1,0
BRF:49
BRH:0
end_of_record
TN:
SF:src\ai\evidence\timeline-engine.ts
FN:14,(anonymous_0)
FN:23,(anonymous_1)
FN:49,(anonymous_2)
FN:70,(anonymous_3)
FN:92,(anonymous_4)
FN:108,(anonymous_5)
FN:124,(anonymous_6)
FN:139,(anonymous_7)
FN:167,(anonymous_8)
FN:188,(anonymous_9)
FN:200,(anonymous_10)
FN:214,(anonymous_11)
FN:241,(anonymous_12)
FN:243,(anonymous_13)
FN:256,(anonymous_14)
FN:276,(anonymous_15)
FN:302,(anonymous_16)
FN:302,(anonymous_17)
FN:305,(anonymous_18)
FN:316,(anonymous_19)
FN:321,(anonymous_20)
FN:322,(anonymous_21)
FN:324,(anonymous_22)
FN:340,(anonymous_23)
FN:358,(anonymous_24)
FN:377,(anonymous_25)
FN:378,(anonymous_26)
FN:380,(anonymous_27)
FN:381,(anonymous_28)
FN:383,(anonymous_29)
FN:384,(anonymous_30)
FN:386,(anonymous_31)
FN:388,(anonymous_32)
FN:394,(anonymous_33)
FN:397,(anonymous_34)
FN:407,(anonymous_35)
FN:410,(anonymous_36)
FN:415,(anonymous_37)
FNF:38
FNH:0
FNDA:0,(anonymous_0)
FNDA:0,(anonymous_1)
FNDA:0,(anonymous_2)
FNDA:0,(anonymous_3)
FNDA:0,(anonymous_4)
FNDA:0,(anonymous_5)
FNDA:0,(anonymous_6)
FNDA:0,(anonymous_7)
FNDA:0,(anonymous_8)
FNDA:0,(anonymous_9)
FNDA:0,(anonymous_10)
FNDA:0,(anonymous_11)
FNDA:0,(anonymous_12)
FNDA:0,(anonymous_13)
FNDA:0,(anonymous_14)
FNDA:0,(anonymous_15)
FNDA:0,(anonymous_16)
FNDA:0,(anonymous_17)
FNDA:0,(anonymous_18)
FNDA:0,(anonymous_19)
FNDA:0,(anonymous_20)
FNDA:0,(anonymous_21)
FNDA:0,(anonymous_22)
FNDA:0,(anonymous_23)
FNDA:0,(anonymous_24)
FNDA:0,(anonymous_25)
FNDA:0,(anonymous_26)
FNDA:0,(anonymous_27)
FNDA:0,(anonymous_28)
FNDA:0,(anonymous_29)
FNDA:0,(anonymous_30)
FNDA:0,(anonymous_31)
FNDA:0,(anonymous_32)
FNDA:0,(anonymous_33)
FNDA:0,(anonymous_34)
FNDA:0,(anonymous_35)
FNDA:0,(anonymous_36)
FNDA:0,(anonymous_37)
DA:10,0
DA:15,0
DA:16,0
DA:18,0
DA:19,0
DA:20,0
DA:23,0
DA:25,0
DA:27,0
DA:29,0
DA:31,0
DA:32,0
DA:39,0
DA:44,0
DA:50,0
DA:51,0
DA:53,0
DA:54,0
DA:56,0
DA:57,0
DA:59,0
DA:60,0
DA:62,0
DA:63,0
DA:65,0
DA:66,0
DA:68,0
DA:71,0
DA:72,0
DA:73,0
DA:74,0
DA:75,0
DA:76,0
DA:77,0
DA:90,0
DA:94,0
DA:110,0
DA:125,0
DA:140,0
DA:141,0
DA:142,0
DA:143,0
DA:144,0
DA:145,0
DA:162,0
DA:168,0
DA:169,0
DA:170,0
DA:171,0
DA:172,0
DA:173,0
DA:174,0
DA:175,0
DA:176,0
DA:177,0
DA:186,0
DA:189,0
DA:190,0
DA:192,0
DA:193,0
DA:195,0
DA:201,0
DA:202,0
DA:203,0
DA:204,0
DA:205,0
DA:206,0
DA:207,0
DA:208,0
DA:212,0
DA:215,0
DA:217,0
DA:219,0
DA:220,0
DA:230,0
DA:231,0
DA:239,0
DA:243,0
DA:244,0
DA:245,0
DA:247,0
DA:248,0
DA:250,0
DA:254,0
DA:258,0
DA:260,0
DA:263,0
DA:264,0
DA:267,0
DA:269,0
DA:271,0
DA:277,0
DA:279,0
DA:301,0
DA:302,0
DA:304,0
DA:305,0
DA:306,0
DA:316,0
DA:322,0
DA:323,0
DA:324,0
DA:325,0
DA:327,0
DA:342,0
DA:347,0
DA:348,0
DA:349,0
DA:350,0
DA:351,0
DA:352,0
DA:356,0
DA:359,0
DA:361,0
DA:362,0
DA:363,0
DA:365,0
DA:366,0
DA:367,0
DA:369,0
DA:370,0
DA:371,0
DA:372,0
DA:378,0
DA:381,0
DA:384,0
DA:387,0
DA:388,0
DA:395,0
DA:398,0
DA:407,0
DA:410,0
DA:415,0
DA:417,0
LF:134
LH:0
BRDA:51,0,0,0
BRDA:51,0,1,0
BRDA:51,0,2,0
BRDA:51,0,3,0
BRDA:51,0,4,0
BRDA:76,1,0,0
BRDA:76,1,1,0
BRDA:143,2,0,0
BRDA:143,2,1,0
BRDA:143,3,0,0
BRDA:143,3,1,0
BRDA:169,4,0,0
BRDA:169,4,1,0
BRDA:176,5,0,0
BRDA:176,5,1,0
BRDA:182,6,0,0
BRDA:182,6,1,0
BRDA:182,7,0,0
BRDA:182,7,1,0
BRDA:189,8,0,0
BRDA:189,8,1,0
BRDA:189,9,0,0
BRDA:189,9,1,0
BRDA:192,10,0,0
BRDA:192,10,1,0
BRDA:192,11,0,0
BRDA:192,11,1,0
BRDA:207,12,0,0
BRDA:207,12,1,0
BRDA:217,13,0,0
BRDA:217,13,1,0
BRDA:219,14,0,0
BRDA:219,14,1,0
BRDA:230,15,0,0
BRDA:230,15,1,0
BRDA:244,16,0,0
BRDA:244,16,1,0
BRDA:247,17,0,0
BRDA:247,17,1,0
BRDA:254,18,0,0
BRDA:254,18,1,0
BRDA:258,19,0,0
BRDA:258,19,1,0
BRDA:258,20,0,0
BRDA:258,20,1,0
BRDA:258,20,2,0
BRDA:263,21,0,0
BRDA:263,21,1,0
BRDA:263,22,0,0
BRDA:263,22,1,0
BRDA:267,23,0,0
BRDA:267,23,1,0
BRDA:267,24,0,0
BRDA:267,24,1,0
BRDA:267,24,2,0
BRDA:302,25,0,0
BRDA:302,25,1,0
BRDA:304,26,0,0
BRDA:304,26,1,0
BRDA:325,27,0,0
BRDA:325,27,1,0
BRDA:330,28,0,0
BRDA:330,28,1,0
BRDA:331,29,0,0
BRDA:331,29,1,0
BRDA:349,30,0,0
BRDA:349,30,1,0
BRDA:351,31,0,0
BRDA:351,31,1,0
BRDA:362,32,0,0
BRDA:362,32,1,0
BRDA:366,33,0,0
BRDA:366,33,1,0
BRDA:370,34,0,0
BRDA:370,34,1,0
BRDA:378,35,0,0
BRDA:378,35,1,0
BRDA:388,36,0,0
BRDA:388,36,1,0
BRF:79
BRH:0
end_of_record
TN:
SF:src\ai\intent\context-retention.ts
FN:15,(anonymous_0)
FN:25,(anonymous_1)
FN:51,(anonymous_2)
FN:56,(anonymous_3)
FN:57,(anonymous_4)
FN:59,(anonymous_5)
FN:73,(anonymous_6)
FN:85,(anonymous_7)
FN:90,(anonymous_8)
FN:91,(anonymous_9)
FN:93,(anonymous_10)
FN:94,(anonymous_11)
FN:102,(anonymous_12)
FN:130,(anonymous_13)
FN:144,(anonymous_14)
FN:145,(anonymous_15)
FN:150,(anonymous_16)
FN:174,(anonymous_17)
FN:180,(anonymous_18)
FN:186,(anonymous_19)
FN:190,(anonymous_20)
FN:191,(anonymous_21)
FN:192,(anonymous_22)
FN:194,(anonymous_23)
FN:196,(anonymous_24)
FN:199,(anonymous_25)
FN:206,(anonymous_26)
FN:217,(anonymous_27)
FN:240,(anonymous_28)
FN:250,(anonymous_29)
FN:258,(anonymous_30)
FN:259,(anonymous_31)
FN:263,(anonymous_32)
FN:270,(anonymous_33)
FN:279,(anonymous_34)
FN:289,(anonymous_35)
FN:291,(anonymous_36)
FN:292,(anonymous_37)
FN:294,(anonymous_38)
FN:297,(anonymous_39)
FN:303,(anonymous_40)
FN:309,(anonymous_41)
FN:310,(anonymous_42)
FN:312,(anonymous_43)
FN:321,(anonymous_44)
FN:332,(anonymous_45)
FN:349,(anonymous_46)
FN:356,(anonymous_47)
FN:396,(anonymous_48)
FN:416,(anonymous_49)
FN:424,(anonymous_50)
FN:427,(anonymous_51)
FN:428,(anonymous_52)
FN:430,(anonymous_53)
FN:432,(anonymous_54)
FN:435,(anonymous_55)
FN:443,(anonymous_56)
FN:467,(anonymous_57)
FN:469,(anonymous_58)
FN:470,(anonymous_59)
FN:488,(anonymous_60)
FN:490,(anonymous_61)
FN:492,(anonymous_62)
FN:499,(anonymous_63)
FN:502,(anonymous_64)
FN:505,(anonymous_65)
FN:514,(anonymous_66)
FN:516,(anonymous_67)
FN:531,(anonymous_68)
FN:543,(anonymous_69)
FN:552,(anonymous_70)
FN:569,(anonymous_71)
FN:582,(anonymous_72)
FN:592,(anonymous_73)
FNF:74
FNH:0
FNDA:0,(anonymous_0)
FNDA:0,(anonymous_1)
FNDA:0,(anonymous_2)
FNDA:0,(anonymous_3)
FNDA:0,(anonymous_4)
FNDA:0,(anonymous_5)
FNDA:0,(anonymous_6)
FNDA:0,(anonymous_7)
FNDA:0,(anonymous_8)
FNDA:0,(anonymous_9)
FNDA:0,(anonymous_10)
FNDA:0,(anonymous_11)
FNDA:0,(anonymous_12)
FNDA:0,(anonymous_13)
FNDA:0,(anonymous_14)
FNDA:0,(anonymous_15)
FNDA:0,(anonymous_16)
FNDA:0,(anonymous_17)
FNDA:0,(anonymous_18)
FNDA:0,(anonymous_19)
FNDA:0,(anonymous_20)
FNDA:0,(anonymous_21)
FNDA:0,(anonymous_22)
FNDA:0,(anonymous_23)
FNDA:0,(anonymous_24)
FNDA:0,(anonymous_25)
FNDA:0,(anonymous_26)
FNDA:0,(anonymous_27)
FNDA:0,(anonymous_28)
FNDA:0,(anonymous_29)
FNDA:0,(anonymous_30)
FNDA:0,(anonymous_31)
FNDA:0,(anonymous_32)
FNDA:0,(anonymous_33)
FNDA:0,(anonymous_34)
FNDA:0,(anonymous_35)
FNDA:0,(anonymous_36)
FNDA:0,(anonymous_37)
FNDA:0,(anonymous_38)
FNDA:0,(anonymous_39)
FNDA:0,(anonymous_40)
FNDA:0,(anonymous_41)
FNDA:0,(anonymous_42)
FNDA:0,(anonymous_43)
FNDA:0,(anonymous_44)
FNDA:0,(anonymous_45)
FNDA:0,(anonymous_46)
FNDA:0,(anonymous_47)
FNDA:0,(anonymous_48)
FNDA:0,(anonymous_49)
FNDA:0,(anonymous_50)
FNDA:0,(anonymous_51)
FNDA:0,(anonymous_52)
FNDA:0,(anonymous_53)
FNDA:0,(anonymous_54)
FNDA:0,(anonymous_55)
FNDA:0,(anonymous_56)
FNDA:0,(anonymous_57)
FNDA:0,(anonymous_58)
FNDA:0,(anonymous_59)
FNDA:0,(anonymous_60)
FNDA:0,(anonymous_61)
FNDA:0,(anonymous_62)
FNDA:0,(anonymous_63)
FNDA:0,(anonymous_64)
FNDA:0,(anonymous_65)
FNDA:0,(anonymous_66)
FNDA:0,(anonymous_67)
FNDA:0,(anonymous_68)
FNDA:0,(anonymous_69)
FNDA:0,(anonymous_70)
FNDA:0,(anonymous_71)
FNDA:0,(anonymous_72)
FNDA:0,(anonymous_73)
DA:10,0
DA:16,0
DA:17,0
DA:18,0
DA:19,0
DA:20,0
DA:27,0
DA:28,0
DA:36,0
DA:38,0
DA:39,0
DA:42,0
DA:43,0
DA:46,0
DA:53,0
DA:55,0
DA:56,0
DA:57,0
DA:59,0
DA:61,0
DA:62,0
DA:64,0
DA:65,0
DA:66,0
DA:67,0
DA:68,0
DA:72,0
DA:73,0
DA:74,0
DA:75,0
DA:76,0
DA:77,0
DA:78,0
DA:81,0
DA:85,0
DA:87,0
DA:88,0
DA:90,0
DA:91,0
DA:93,0
DA:94,0
DA:103,0
DA:104,0
DA:105,0
DA:114,0
DA:115,0
DA:116,0
DA:117,0
DA:118,0
DA:132,0
DA:134,0
DA:135,0
DA:136,0
DA:137,0
DA:139,0
DA:140,0
DA:144,0
DA:145,0
DA:151,0
DA:152,0
DA:153,0
DA:154,0
DA:156,0
DA:157,0
DA:159,0
DA:160,0
DA:161,0
DA:162,0
DA:165,0
DA:166,0
DA:169,0
DA:175,0
DA:181,0
DA:187,0
DA:188,0
DA:190,0
DA:191,0
DA:192,0
DA:194,0
DA:196,0
DA:199,0
DA:207,0
DA:215,0
DA:218,0
DA:220,0
DA:221,0
DA:224,0
DA:225,0
DA:226,0
DA:227,0
DA:230,0
DA:231,0
DA:235,0
DA:236,0
DA:238,0
DA:241,0
DA:242,0
DA:243,0
DA:244,0
DA:245,0
DA:246,0
DA:247,0
DA:248,0
DA:251,0
DA:252,0
DA:253,0
DA:254,0
DA:256,0
DA:259,0
DA:260,0
DA:262,0
DA:263,0
DA:265,0
DA:266,0
DA:271,0
DA:272,0
DA:273,0
DA:274,0
DA:275,0
DA:276,0
DA:277,0
DA:280,0
DA:281,0
DA:283,0
DA:284,0
DA:285,0
DA:287,0
DA:290,0
DA:291,0
DA:292,0
DA:294,0
DA:301,0
DA:302,0
DA:303,0
DA:304,0
DA:305,0
DA:306,0
DA:309,0
DA:310,0
DA:313,0
DA:314,0
DA:315,0
DA:316,0
DA:317,0
DA:319,0
DA:322,0
DA:323,0
DA:324,0
DA:325,0
DA:326,0
DA:327,0
DA:328,0
DA:330,0
DA:333,0
DA:334,0
DA:335,0
DA:337,0
DA:338,0
DA:339,0
DA:341,0
DA:348,0
DA:351,0
DA:352,0
DA:353,0
DA:357,0
DA:359,0
DA:360,0
DA:361,0
DA:368,0
DA:369,0
DA:370,0
DA:377,0
DA:378,0
DA:379,0
DA:386,0
DA:387,0
DA:388,0
DA:394,0
DA:397,0
DA:398,0
DA:399,0
DA:400,0
DA:401,0
DA:402,0
DA:405,0
DA:417,0
DA:418,0
DA:419,0
DA:422,0
DA:425,0
DA:426,0
DA:427,0
DA:428,0
DA:431,0
DA:432,0
DA:436,0
DA:444,0
DA:445,0
DA:453,0
DA:455,0
DA:457,0
DA:459,0
DA:460,0
DA:469,0
DA:470,0
DA:471,0
DA:472,0
DA:473,0
DA:474,0
DA:476,0
DA:477,0
DA:479,0
DA:480,0
DA:482,0
DA:483,0
DA:486,0
DA:489,0
DA:490,0
DA:491,0
DA:492,0
DA:493,0
DA:497,0
DA:500,0
DA:502,0
DA:503,0
DA:505,0
DA:507,0
DA:508,0
DA:512,0
DA:515,0
DA:516,0
DA:517,0
DA:518,0
DA:519,0
DA:520,0
DA:524,0
DA:533,0
DA:534,0
DA:544,0
DA:545,0
DA:546,0
DA:549,0
DA:550,0
DA:553,0
DA:555,0
DA:556,0
DA:557,0
DA:559,0
DA:560,0
DA:561,0
DA:562,0
DA:570,0
DA:572,0
DA:573,0
DA:574,0
DA:576,0
DA:578,0
DA:579,0
DA:580,0
DA:583,0
DA:584,0
DA:585,0
DA:586,0
DA:588,0
DA:589,0
DA:591,0
DA:592,0
DA:593,0
DA:594,0
LF:269
LH:0
BRDA:38,0,0,0
BRDA:38,0,1,0
BRDA:42,1,0,0
BRDA:42,1,1,0
BRDA:51,2,0,0
BRDA:57,3,0,0
BRDA:57,3,1,0
BRDA:66,4,0,0
BRDA:66,4,1,0
BRDA:73,5,0,0
BRDA:73,5,1,0
BRDA:76,6,0,0
BRDA:76,6,1,0
BRDA:102,7,0,0
BRDA:104,8,0,0
BRDA:104,8,1,0
BRDA:130,9,0,0
BRDA:136,10,0,0
BRDA:136,10,1,0
BRDA:137,11,0,0
BRDA:137,11,1,0
BRDA:156,12,0,0
BRDA:156,12,1,0
BRDA:159,13,0,0
BRDA:159,13,1,0
BRDA:159,14,0,0
BRDA:159,14,1,0
BRDA:165,15,0,0
BRDA:165,15,1,0
BRDA:165,16,0,0
BRDA:165,16,1,0
BRDA:194,17,0,0
BRDA:194,17,1,0
BRDA:195,18,0,0
BRDA:195,18,1,0
BRDA:198,19,0,0
BRDA:198,19,1,0
BRDA:220,20,0,0
BRDA:220,20,1,0
BRDA:220,21,0,0
BRDA:220,21,1,0
BRDA:224,22,0,0
BRDA:224,22,1,0
BRDA:226,23,0,0
BRDA:226,23,1,0
BRDA:230,24,0,0
BRDA:230,24,1,0
BRDA:230,25,0,0
BRDA:230,25,1,0
BRDA:235,26,0,0
BRDA:235,26,1,0
BRDA:242,27,0,0
BRDA:242,27,1,0
BRDA:244,28,0,0
BRDA:244,28,1,0
BRDA:244,29,0,0
BRDA:244,29,1,0
BRDA:246,30,0,0
BRDA:246,30,1,0
BRDA:259,31,0,0
BRDA:259,31,1,0
BRDA:260,32,0,0
BRDA:260,32,1,0
BRDA:271,33,0,0
BRDA:271,33,1,0
BRDA:280,34,0,0
BRDA:280,34,1,0
BRDA:283,35,0,0
BRDA:283,35,1,0
BRDA:310,36,0,0
BRDA:310,36,1,0
BRDA:330,37,0,0
BRDA:330,37,1,0
BRDA:333,38,0,0
BRDA:333,38,1,0
BRDA:337,39,0,0
BRDA:337,39,1,0
BRDA:398,40,0,0
BRDA:398,40,1,0
BRDA:418,41,0,0
BRDA:418,41,1,0
BRDA:432,42,0,0
BRDA:432,42,1,0
BRDA:444,43,0,0
BRDA:444,43,1,0
BRDA:471,44,0,0
BRDA:471,44,1,0
BRDA:473,45,0,0
BRDA:473,45,1,0
BRDA:473,46,0,0
BRDA:473,46,1,0
BRDA:476,47,0,0
BRDA:476,47,1,0
BRDA:476,48,0,0
BRDA:476,48,1,0
BRDA:479,49,0,0
BRDA:479,49,1,0
BRDA:482,50,0,0
BRDA:482,50,1,0
BRDA:482,51,0,0
BRDA:482,51,1,0
BRDA:491,52,0,0
BRDA:491,52,1,0
BRDA:491,53,0,0
BRDA:491,53,1,0
BRDA:491,53,2,0
BRDA:503,54,0,0
BRDA:503,54,1,0
BRDA:503,55,0,0
BRDA:503,55,1,0
BRDA:505,56,0,0
BRDA:505,56,1,0
BRDA:507,57,0,0
BRDA:507,57,1,0
BRDA:517,58,0,0
BRDA:517,58,1,0
BRDA:519,59,0,0
BRDA:519,59,1,0
BRDA:519,60,0,0
BRDA:519,60,1,0
BRDA:519,60,2,0
BRDA:545,61,0,0
BRDA:545,61,1,0
BRDA:550,62,0,0
BRDA:550,62,1,0
BRDA:556,63,0,0
BRDA:556,63,1,0
BRDA:560,64,0,0
BRDA:560,64,1,0
BRDA:585,65,0,0
BRDA:585,65,1,0
BRDA:588,66,0,0
BRDA:588,66,1,0
BRDA:594,67,0,0
BRDA:594,67,1,0
BRF:135
BRH:0
end_of_record
TN:
SF:src\ai\intent\emotional-intelligence.ts
FN:13,(anonymous_0)
FN:21,(anonymous_1)
FN:41,(anonymous_2)
FN:47,(anonymous_3)
FN:64,(anonymous_4)
FN:112,(anonymous_5)
FN:126,(anonymous_6)
FN:132,(anonymous_7)
FN:148,(anonymous_8)
FN:164,(anonymous_9)
FN:260,(anonymous_10)
FN:262,(anonymous_11)
FN:274,(anonymous_12)
FN:279,(anonymous_13)
FN:292,(anonymous_14)
FN:300,(anonymous_15)
FN:315,(anonymous_16)
FN:327,(anonymous_17)
FN:337,(anonymous_18)
FN:346,(anonymous_19)
FN:357,(anonymous_20)
FN:369,(anonymous_21)
FN:372,(anonymous_22)
FN:378,(anonymous_23)
FN:379,(anonymous_24)
FN:380,(anonymous_25)
FN:389,(anonymous_26)
FN:402,(anonymous_27)
FN:430,(anonymous_28)
FN:448,(anonymous_29)
FN:459,(anonymous_30)
FN:467,(anonymous_31)
FN:473,(anonymous_32)
FN:498,(anonymous_33)
FN:513,(anonymous_34)
FN:514,(anonymous_35)
FN:516,(anonymous_36)
FN:520,(anonymous_37)
FN:524,(anonymous_38)
FN:535,(anonymous_39)
FN:561,(anonymous_40)
FN:572,(anonymous_41)
FN:573,(anonymous_42)
FNF:43
FNH:0
FNDA:0,(anonymous_0)
FNDA:0,(anonymous_1)
FNDA:0,(anonymous_2)
FNDA:0,(anonymous_3)
FNDA:0,(anonymous_4)
FNDA:0,(anonymous_5)
FNDA:0,(anonymous_6)
FNDA:0,(anonymous_7)
FNDA:0,(anonymous_8)
FNDA:0,(anonymous_9)
FNDA:0,(anonymous_10)
FNDA:0,(anonymous_11)
FNDA:0,(anonymous_12)
FNDA:0,(anonymous_13)
FNDA:0,(anonymous_14)
FNDA:0,(anonymous_15)
FNDA:0,(anonymous_16)
FNDA:0,(anonymous_17)
FNDA:0,(anonymous_18)
FNDA:0,(anonymous_19)
FNDA:0,(anonymous_20)
FNDA:0,(anonymous_21)
FNDA:0,(anonymous_22)
FNDA:0,(anonymous_23)
FNDA:0,(anonymous_24)
FNDA:0,(anonymous_25)
FNDA:0,(anonymous_26)
FNDA:0,(anonymous_27)
FNDA:0,(anonymous_28)
FNDA:0,(anonymous_29)
FNDA:0,(anonymous_30)
FNDA:0,(anonymous_31)
FNDA:0,(anonymous_32)
FNDA:0,(anonymous_33)
FNDA:0,(anonymous_34)
FNDA:0,(anonymous_35)
FNDA:0,(anonymous_36)
FNDA:0,(anonymous_37)
FNDA:0,(anonymous_38)
FNDA:0,(anonymous_39)
FNDA:0,(anonymous_40)
FNDA:0,(anonymous_41)
FNDA:0,(anonymous_42)
DA:10,0
DA:14,0
DA:15,0
DA:16,0
DA:23,0
DA:25,0
DA:27,0
DA:29,0
DA:31,0
DA:33,0
DA:35,0
DA:37,0
DA:39,0
DA:41,0
DA:45,0
DA:47,0
DA:52,0
DA:65,0
DA:67,0
DA:68,0
DA:69,0
DA:71,0
DA:72,0
DA:73,0
DA:74,0
DA:76,0
DA:77,0
DA:78,0
DA:80,0
DA:81,0
DA:83,0
DA:84,0
DA:87,0
DA:88,0
DA:89,0
DA:91,0
DA:92,0
DA:93,0
DA:97,0
DA:99,0
DA:100,0
DA:113,0
DA:114,0
DA:115,0
DA:116,0
DA:117,0
DA:118,0
DA:119,0
DA:120,0
DA:121,0
DA:127,0
DA:128,0
DA:129,0
DA:130,0
DA:131,0
DA:132,0
DA:133,0
DA:134,0
DA:135,0
DA:137,0
DA:138,0
DA:140,0
DA:144,0
DA:148,0
DA:149,0
DA:150,0
DA:151,0
DA:152,0
DA:153,0
DA:154,0
DA:165,0
DA:166,0
DA:168,0
DA:260,0
DA:261,0
DA:262,0
DA:263,0
DA:264,0
DA:265,0
DA:268,0
DA:269,0
DA:270,0
DA:274,0
DA:280,0
DA:281,0
DA:283,0
DA:292,0
DA:293,0
DA:294,0
DA:295,0
DA:299,0
DA:300,0
DA:301,0
DA:304,0
DA:305,0
DA:306,0
DA:307,0
DA:310,0
DA:316,0
DA:317,0
DA:318,0
DA:327,0
DA:328,0
DA:329,0
DA:332,0
DA:338,0
DA:340,0
DA:346,0
DA:347,0
DA:348,0
DA:352,0
DA:357,0
DA:358,0
DA:359,0
DA:363,0
DA:364,0
DA:370,0
DA:371,0
DA:372,0
DA:373,0
DA:374,0
DA:378,0
DA:379,0
DA:380,0
DA:381,0
DA:382,0
DA:384,0
DA:385,0
DA:387,0
DA:390,0
DA:403,0
DA:405,0
DA:406,0
DA:407,0
DA:408,0
DA:410,0
DA:411,0
DA:413,0
DA:414,0
DA:415,0
DA:416,0
DA:418,0
DA:419,0
DA:420,0
DA:421,0
DA:422,0
DA:423,0
DA:424,0
DA:425,0
DA:431,0
DA:432,0
DA:434,0
DA:435,0
DA:437,0
DA:438,0
DA:440,0
DA:441,0
DA:443,0
DA:449,0
DA:450,0
DA:451,0
DA:453,0
DA:454,0
DA:456,0
DA:457,0
DA:459,0
DA:460,0
DA:462,0
DA:468,0
DA:469,0
DA:471,0
DA:473,0
DA:474,0
DA:475,0
DA:478,0
DA:481,0
DA:494,0
DA:495,0
DA:499,0
DA:514,0
DA:518,0
DA:519,0
DA:520,0
DA:521,0
DA:522,0
DA:525,0
DA:533,0
DA:536,0
DA:564,0
DA:570,0
DA:571,0
DA:572,0
DA:573,0
DA:574,0
DA:575,0
DA:577,0
DA:578,0
DA:580,0
LF:198
LH:0
BRDA:71,0,0,0
BRDA:71,0,1,0
BRDA:76,1,0,0
BRDA:76,1,1,0
BRDA:80,2,0,0
BRDA:80,2,1,0
BRDA:83,3,0,0
BRDA:83,3,1,0
BRDA:87,4,0,0
BRDA:87,4,1,0
BRDA:88,5,0,0
BRDA:88,5,1,0
BRDA:91,6,0,0
BRDA:91,6,1,0
BRDA:113,7,0,0
BRDA:113,7,1,0
BRDA:115,8,0,0
BRDA:115,8,1,0
BRDA:117,9,0,0
BRDA:117,9,1,0
BRDA:119,10,0,0
BRDA:119,10,1,0
BRDA:119,11,0,0
BRDA:119,11,1,0
BRDA:134,12,0,0
BRDA:134,12,1,0
BRDA:137,13,0,0
BRDA:137,13,1,0
BRDA:140,14,0,0
BRDA:140,14,1,0
BRDA:152,15,0,0
BRDA:152,15,1,0
BRDA:264,16,0,0
BRDA:264,16,1,0
BRDA:268,17,0,0
BRDA:268,17,1,0
BRDA:294,18,0,0
BRDA:294,18,1,0
BRDA:299,19,0,0
BRDA:299,19,1,0
BRDA:304,20,0,0
BRDA:304,20,1,0
BRDA:306,21,0,0
BRDA:306,21,1,0
BRDA:328,22,0,0
BRDA:328,22,1,0
BRDA:347,23,0,0
BRDA:347,23,1,0
BRDA:358,24,0,0
BRDA:358,24,1,0
BRDA:373,25,0,0
BRDA:373,25,1,0
BRDA:378,26,0,0
BRDA:378,26,1,0
BRDA:379,27,0,0
BRDA:379,27,1,0
BRDA:380,28,0,0
BRDA:380,28,1,0
BRDA:381,29,0,0
BRDA:381,29,1,0
BRDA:381,30,0,0
BRDA:381,30,1,0
BRDA:384,31,0,0
BRDA:384,31,1,0
BRDA:384,32,0,0
BRDA:384,32,1,0
BRDA:405,33,0,0
BRDA:405,33,1,0
BRDA:407,34,0,0
BRDA:407,34,1,0
BRDA:410,35,0,0
BRDA:410,35,1,0
BRDA:413,36,0,0
BRDA:413,36,1,0
BRDA:415,37,0,0
BRDA:415,37,1,0
BRDA:419,38,0,0
BRDA:419,38,1,0
BRDA:421,39,0,0
BRDA:421,39,1,0
BRDA:423,40,0,0
BRDA:423,40,1,0
BRDA:431,41,0,0
BRDA:431,41,1,0
BRDA:434,42,0,0
BRDA:434,42,1,0
BRDA:434,43,0,0
BRDA:434,43,1,0
BRDA:437,44,0,0
BRDA:437,44,1,0
BRDA:440,45,0,0
BRDA:440,45,1,0
BRDA:450,46,0,0
BRDA:450,46,1,0
BRDA:453,47,0,0
BRDA:453,47,1,0
BRDA:456,48,0,0
BRDA:456,48,1,0
BRDA:459,49,0,0
BRDA:459,49,1,0
BRDA:459,50,0,0
BRDA:459,50,1,0
BRDA:468,51,0,0
BRDA:468,51,1,0
BRDA:474,52,0,0
BRDA:474,52,1,0
BRDA:494,53,0,0
BRDA:494,53,1,0
BRDA:574,54,0,0
BRDA:574,54,1,0
BRDA:577,55,0,0
BRDA:577,55,1,0
BRF:112
BRH:0
end_of_record
TN:
SF:src\ai\intent\index.ts
FN:41,(anonymous_0)
FN:107,(anonymous_1)
FN:135,(anonymous_2)
FN:145,(anonymous_3)
FN:196,(anonymous_4)
FN:208,(anonymous_5)
FN:211,(anonymous_6)
FN:221,(anonymous_7)
FN:225,(anonymous_8)
FN:261,(anonymous_9)
FN:291,(anonymous_10)
FN:308,(anonymous_11)
FN:329,(anonymous_12)
FN:339,(anonymous_13)
FN:342,(anonymous_14)
FN:346,(anonymous_15)
FN:353,(anonymous_16)
FN:355,(anonymous_17)
FN:364,(anonymous_18)
FN:399,(anonymous_19)
FN:402,(anonymous_20)
FN:407,(anonymous_21)
FN:426,(anonymous_22)
FN:429,(anonymous_23)
FN:432,(anonymous_24)
FNF:25
FNH:0
FNDA:0,(anonymous_0)
FNDA:0,(anonymous_1)
FNDA:0,(anonymous_2)
FNDA:0,(anonymous_3)
FNDA:0,(anonymous_4)
FNDA:0,(anonymous_5)
FNDA:0,(anonymous_6)
FNDA:0,(anonymous_7)
FNDA:0,(anonymous_8)
FNDA:0,(anonymous_9)
FNDA:0,(anonymous_10)
FNDA:0,(anonymous_11)
FNDA:0,(anonymous_12)
FNDA:0,(anonymous_13)
FNDA:0,(anonymous_14)
FNDA:0,(anonymous_15)
FNDA:0,(anonymous_16)
FNDA:0,(anonymous_17)
FNDA:0,(anonymous_18)
FNDA:0,(anonymous_19)
FNDA:0,(anonymous_20)
FNDA:0,(anonymous_21)
FNDA:0,(anonymous_22)
FNDA:0,(anonymous_23)
FNDA:0,(anonymous_24)
DA:14,0
DA:15,0
DA:16,0
DA:22,0
DA:28,0
DA:39,0
DA:40,0
DA:42,0
DA:44,0
DA:98,0
DA:99,0
DA:100,0
DA:101,0
DA:102,0
DA:108,0
DA:109,0
DA:110,0
DA:112,0
DA:113,0
DA:114,0
DA:115,0
DA:118,0
DA:119,0
DA:120,0
DA:121,0
DA:122,0
DA:123,0
DA:124,0
DA:125,0
DA:126,0
DA:127,0
DA:136,0
DA:137,0
DA:138,0
DA:139,0
DA:141,0
DA:143,0
DA:145,0
DA:147,0
DA:149,0
DA:151,0
DA:153,0
DA:155,0
DA:157,0
DA:164,0
DA:165,0
DA:166,0
DA:185,0
DA:186,0
DA:187,0
DA:190,0
DA:197,0
DA:198,0
DA:209,0
DA:213,0
DA:223,0
DA:225,0
DA:226,0
DA:227,0
DA:228,0
DA:230,0
DA:231,0
DA:235,0
DA:239,0
DA:240,0
DA:241,0
DA:248,0
DA:251,0
DA:254,0
DA:262,0
DA:267,0
DA:268,0
DA:269,0
DA:270,0
DA:286,0
DA:293,0
DA:294,0
DA:295,0
DA:297,0
DA:298,0
DA:299,0
DA:300,0
DA:302,0
DA:309,0
DA:318,0
DA:319,0
DA:320,0
DA:321,0
DA:322,0
DA:323,0
DA:324,0
DA:325,0
DA:326,0
DA:327,0
DA:330,0
DA:337,0
DA:340,0
DA:341,0
DA:342,0
DA:343,0
DA:344,0
DA:347,0
DA:348,0
DA:349,0
DA:351,0
DA:352,0
DA:353,0
DA:355,0
DA:356,0
DA:357,0
DA:358,0
DA:359,0
DA:365,0
DA:391,0
DA:397,0
DA:400,0
DA:403,0
DA:404,0
DA:405,0
DA:408,0
DA:409,0
DA:420,0
DA:421,0
DA:427,0
DA:430,0
DA:433,0
DA:437,0
LF:127
LH:0
BRDA:109,0,0,0
BRDA:109,0,1,0
BRDA:172,1,0,0
BRDA:172,1,1,0
BRDA:228,2,0,0
BRDA:228,2,1,0
BRDA:240,3,0,0
BRDA:240,3,1,0
BRDA:294,4,0,0
BRDA:294,4,1,0
BRDA:297,5,0,0
BRDA:297,5,1,0
BRDA:318,6,0,0
BRDA:318,6,1,0
BRDA:319,7,0,0
BRDA:319,7,1,0
BRDA:321,8,0,0
BRDA:321,8,1,0
BRDA:323,9,0,0
BRDA:323,9,1,0
BRDA:325,10,0,0
BRDA:325,10,1,0
BRDA:337,11,0,0
BRDA:337,11,1,0
BRDA:348,12,0,0
BRDA:348,12,1,0
BRDA:351,13,0,0
BRDA:351,13,1,0
BRDA:356,14,0,0
BRDA:356,14,1,0
BRDA:357,15,0,0
BRDA:357,15,1,0
BRF:32
BRH:0
end_of_record
TN:
SF:src\ai\intent\multi-intent-detector.ts
FN:12,(anonymous_0)
FN:20,(anonymous_1)
FN:68,(anonymous_2)
FN:87,(anonymous_3)
FN:174,(anonymous_4)
FN:175,(anonymous_5)
FN:180,(anonymous_6)
FN:198,(anonymous_7)
FN:206,(anonymous_8)
FN:218,(anonymous_9)
FN:232,(anonymous_10)
FN:233,(anonymous_11)
FN:249,(anonymous_12)
FN:252,(anonymous_13)
FN:254,(anonymous_14)
FN:255,(anonymous_15)
FN:266,(anonymous_16)
FN:270,(anonymous_17)
FN:274,(anonymous_18)
FN:275,(anonymous_19)
FN:283,(anonymous_20)
FN:289,(anonymous_21)
FN:291,(anonymous_22)
FN:295,(anonymous_23)
FN:299,(anonymous_24)
FN:307,(anonymous_25)
FN:313,(anonymous_26)
FN:318,(anonymous_27)
FN:326,(anonymous_28)
FN:363,(anonymous_29)
FN:367,(anonymous_30)
FN:391,(anonymous_31)
FN:395,(anonymous_32)
FN:402,(anonymous_33)
FN:404,(anonymous_34)
FN:406,(anonymous_35)
FN:415,(anonymous_36)
FN:461,(anonymous_37)
FN:464,(anonymous_38)
FN:468,(anonymous_39)
FN:478,(anonymous_40)
FN:491,(anonymous_41)
FN:513,(anonymous_42)
FN:537,(anonymous_43)
FN:554,(anonymous_44)
FN:560,(anonymous_45)
FNF:46
FNH:0
FNDA:0,(anonymous_0)
FNDA:0,(anonymous_1)
FNDA:0,(anonymous_2)
FNDA:0,(anonymous_3)
FNDA:0,(anonymous_4)
FNDA:0,(anonymous_5)
FNDA:0,(anonymous_6)
FNDA:0,(anonymous_7)
FNDA:0,(anonymous_8)
FNDA:0,(anonymous_9)
FNDA:0,(anonymous_10)
FNDA:0,(anonymous_11)
FNDA:0,(anonymous_12)
FNDA:0,(anonymous_13)
FNDA:0,(anonymous_14)
FNDA:0,(anonymous_15)
FNDA:0,(anonymous_16)
FNDA:0,(anonymous_17)
FNDA:0,(anonymous_18)
FNDA:0,(anonymous_19)
FNDA:0,(anonymous_20)
FNDA:0,(anonymous_21)
FNDA:0,(anonymous_22)
FNDA:0,(anonymous_23)
FNDA:0,(anonymous_24)
FNDA:0,(anonymous_25)
FNDA:0,(anonymous_26)
FNDA:0,(anonymous_27)
FNDA:0,(anonymous_28)
FNDA:0,(anonymous_29)
FNDA:0,(anonymous_30)
FNDA:0,(anonymous_31)
FNDA:0,(anonymous_32)
FNDA:0,(anonymous_33)
FNDA:0,(anonymous_34)
FNDA:0,(anonymous_35)
FNDA:0,(anonymous_36)
FNDA:0,(anonymous_37)
FNDA:0,(anonymous_38)
FNDA:0,(anonymous_39)
FNDA:0,(anonymous_40)
FNDA:0,(anonymous_41)
FNDA:0,(anonymous_42)
FNDA:0,(anonymous_43)
FNDA:0,(anonymous_44)
FNDA:0,(anonymous_45)
DA:13,0
DA:14,0
DA:15,0
DA:22,0
DA:24,0
DA:25,0
DA:26,0
DA:27,0
DA:28,0
DA:29,0
DA:34,0
DA:35,0
DA:45,0
DA:47,0
DA:49,0
DA:51,0
DA:53,0
DA:55,0
DA:56,0
DA:70,0
DA:71,0
DA:72,0
DA:75,0
DA:76,0
DA:88,0
DA:90,0
DA:95,0
DA:102,0
DA:107,0
DA:114,0
DA:119,0
DA:126,0
DA:131,0
DA:137,0
DA:142,0
DA:148,0
DA:153,0
DA:159,0
DA:164,0
DA:169,0
DA:175,0
DA:182,0
DA:183,0
DA:184,0
DA:186,0
DA:187,0
DA:188,0
DA:190,0
DA:191,0
DA:192,0
DA:193,0
DA:199,0
DA:201,0
DA:202,0
DA:205,0
DA:206,0
DA:207,0
DA:210,0
DA:211,0
DA:213,0
DA:219,0
DA:227,0
DA:233,0
DA:235,0
DA:236,0
DA:237,0
DA:239,0
DA:240,0
DA:241,0
DA:243,0
DA:250,0
DA:252,0
DA:253,0
DA:254,0
DA:255,0
DA:256,0
DA:257,0
DA:261,0
DA:267,0
DA:268,0
DA:270,0
DA:271,0
DA:272,0
DA:274,0
DA:275,0
DA:276,0
DA:277,0
DA:279,0
DA:280,0
DA:283,0
DA:284,0
DA:291,0
DA:292,0
DA:293,0
DA:295,0
DA:296,0
DA:297,0
DA:299,0
DA:300,0
DA:301,0
DA:302,0
DA:309,0
DA:310,0
DA:312,0
DA:313,0
DA:314,0
DA:315,0
DA:317,0
DA:318,0
DA:319,0
DA:320,0
DA:321,0
DA:327,0
DA:348,0
DA:354,0
DA:364,0
DA:366,0
DA:367,0
DA:368,0
DA:369,0
DA:371,0
DA:373,0
DA:374,0
DA:375,0
DA:378,0
DA:386,0
DA:393,0
DA:394,0
DA:395,0
DA:396,0
DA:397,0
DA:400,0
DA:402,0
DA:404,0
DA:405,0
DA:406,0
DA:407,0
DA:409,0
DA:416,0
DA:418,0
DA:419,0
DA:421,0
DA:422,0
DA:423,0
DA:424,0
DA:425,0
DA:433,0
DA:436,0
DA:437,0
DA:438,0
DA:439,0
DA:448,0
DA:449,0
DA:456,0
DA:462,0
DA:464,0
DA:465,0
DA:468,0
DA:469,0
DA:472,0
DA:478,0
DA:479,0
DA:481,0
DA:492,0
DA:493,0
DA:494,0
DA:495,0
DA:496,0
DA:497,0
DA:498,0
DA:499,0
DA:508,0
DA:515,0
DA:517,0
DA:518,0
DA:521,0
DA:522,0
DA:525,0
DA:526,0
DA:529,0
DA:530,0
DA:532,0
DA:539,0
DA:542,0
DA:545,0
DA:547,0
DA:549,0
DA:555,0
DA:562,0
DA:564,0
DA:565,0
DA:567,0
DA:569,0
LF:193
LH:0
BRDA:26,0,0,0
BRDA:26,0,1,0
BRDA:28,1,0,0
BRDA:28,1,1,0
BRDA:28,2,0,0
BRDA:28,2,1,0
BRDA:34,3,0,0
BRDA:34,3,1,0
BRDA:36,4,0,0
BRDA:36,4,1,0
BRDA:39,5,0,0
BRDA:39,5,1,0
BRDA:71,6,0,0
BRDA:71,6,1,0
BRDA:90,7,0,0
BRDA:90,7,1,0
BRDA:102,8,0,0
BRDA:102,8,1,0
BRDA:114,9,0,0
BRDA:114,9,1,0
BRDA:126,10,0,0
BRDA:126,10,1,0
BRDA:137,11,0,0
BRDA:137,11,1,0
BRDA:148,12,0,0
BRDA:148,12,1,0
BRDA:159,13,0,0
BRDA:159,13,1,0
BRDA:183,14,0,0
BRDA:183,14,1,0
BRDA:187,15,0,0
BRDA:187,15,1,0
BRDA:191,16,0,0
BRDA:191,16,1,0
BRDA:201,17,0,0
BRDA:201,17,1,0
BRDA:201,18,0,0
BRDA:201,18,1,0
BRDA:206,19,0,0
BRDA:206,19,1,0
BRDA:210,20,0,0
BRDA:210,20,1,0
BRDA:227,21,0,0
BRDA:227,21,1,0
BRDA:236,22,0,0
BRDA:236,22,1,0
BRDA:240,23,0,0
BRDA:240,23,1,0
BRDA:253,24,0,0
BRDA:253,24,1,0
BRDA:256,25,0,0
BRDA:256,25,1,0
BRDA:256,26,0,0
BRDA:256,26,1,0
BRDA:271,27,0,0
BRDA:271,27,1,0
BRDA:276,28,0,0
BRDA:276,28,1,0
BRDA:291,29,0,0
BRDA:291,29,1,0
BRDA:292,30,0,0
BRDA:292,30,1,0
BRDA:296,31,0,0
BRDA:296,31,1,0
BRDA:300,32,0,0
BRDA:300,32,1,0
BRDA:309,33,0,0
BRDA:309,33,1,0
BRDA:314,34,0,0
BRDA:314,34,1,0
BRDA:319,35,0,0
BRDA:319,35,1,0
BRDA:373,36,0,0
BRDA:373,36,1,0
BRDA:373,37,0,0
BRDA:373,37,1,0
BRDA:422,38,0,0
BRDA:422,38,1,0
BRDA:424,39,0,0
BRDA:424,39,1,0
BRDA:436,40,0,0
BRDA:436,40,1,0
BRDA:438,41,0,0
BRDA:438,41,1,0
BRDA:448,42,0,0
BRDA:448,42,1,0
BRDA:464,43,0,0
BRDA:464,43,1,0
BRDA:468,44,0,0
BRDA:468,44,1,0
BRDA:478,45,0,0
BRDA:478,45,1,0
BRDA:498,46,0,0
BRDA:498,46,1,0
BRDA:517,47,0,0
BRDA:517,47,1,0
BRDA:521,48,0,0
BRDA:521,48,1,0
BRDA:525,49,0,0
BRDA:525,49,1,0
BRDA:529,50,0,0
BRDA:529,50,1,0
BRDA:539,51,0,0
BRDA:539,51,1,0
BRDA:539,52,0,0
BRDA:539,52,1,0
BRDA:539,52,2,0
BRDA:545,53,0,0
BRDA:545,53,1,0
BRDA:545,54,0,0
BRDA:545,54,1,0
BRDA:562,55,0,0
BRDA:562,55,1,0
BRDA:564,56,0,0
BRDA:564,56,1,0
BRDA:564,57,0,0
BRDA:564,57,1,0
BRF:117
BRH:0
end_of_record
TN:
SF:src\ai\intent\nlp-core.ts
FN:14,(anonymous_0)
FN:21,(anonymous_1)
FN:30,(anonymous_2)
FN:81,(anonymous_3)
FN:90,(anonymous_4)
FN:104,(anonymous_5)
FN:116,(anonymous_6)
FN:128,(anonymous_7)
FN:140,(anonymous_8)
FN:143,(anonymous_9)
FN:154,(anonymous_10)
FN:156,(anonymous_11)
FN:167,(anonymous_12)
FN:178,(anonymous_13)
FN:184,(anonymous_14)
FN:198,(anonymous_15)
FN:208,(anonymous_16)
FN:234,(anonymous_17)
FN:247,(anonymous_18)
FN:256,(anonymous_19)
FN:276,(anonymous_20)
FN:283,(anonymous_21)
FN:290,(anonymous_22)
FN:297,(anonymous_23)
FN:305,(anonymous_24)
FN:315,(anonymous_25)
FN:327,(anonymous_26)
FN:344,(anonymous_27)
FN:359,(anonymous_28)
FN:379,(anonymous_29)
FN:385,(anonymous_30)
FN:386,(anonymous_31)
FN:395,(anonymous_32)
FN:399,(anonymous_33)
[...]
FNDA:0,(anonymous_3)
FNDA:0,(anonymous_4)
FNDA:0,(anonymous_5)
FNDA:0,(anonymous_6)
FNDA:0,(anonymous_7)
FNDA:0,(anonymous_8)
FNDA:0,(anonymous_9)
FNDA:0,(anonymous_10)
DA:5,0
DA:8,0
DA:9,0
DA:10,0
DA:11,0
DA:12,0
DA:13,0
DA:15,0
DA:19,0
DA:20,0
DA:21,0
DA:22,0
DA:24,0
DA:25,0
DA:36,0
DA:37,0
DA:38,0
DA:40,0
DA:42,0
DA:43,0
DA:44,0
DA:45,0
DA:50,0
DA:51,0
DA:52,0
DA:53,0
DA:54,0
DA:57,0
DA:62,0
DA:63,0
DA:64,0
DA:67,0
DA:70,0
DA:73,0
DA:74,0
DA:76,0
DA:77,0
DA:80,0
DA:81,0
DA:84,0
DA:87,0
DA:88,0
DA:91,0
DA:92,0
DA:97,0
DA:98,0
DA:100,0
DA:104,0
LF:48
LH:0
BRDA:8,0,0,0
BRDA:8,0,1,0
BRDA:12,1,0,0
BRDA:12,1,1,0
BRDA:12,2,0,0
BRDA:12,2,1,0
BRDA:24,3,0,0
BRDA:24,3,1,0
BRDA:32,4,0,0
BRDA:32,4,1,0
BRDA:37,5,0,0
BRDA:37,5,1,0
BRDA:43,6,0,0
BRDA:43,6,1,0
BRDA:51,7,0,0
BRDA:51,7,1,0
BRDA:73,8,0,0
BRDA:73,8,1,0
BRDA:87,9,0,0
BRDA:87,9,1,0
BRDA:96,10,0,0
BRDA:97,11,0,0
BRDA:97,11,1,0
BRF:23
BRH:0
end_of_record
TN:
SF:src\core\index.ts
FNF:0
FNH:0
LF:0
LH:0
BRF:0
BRH:0
end_of_record
TN:
SF:src\core\system-state-machine.ts
FN:7,(anonymous_0)
FN:8,(anonymous_1)
FN:10,(anonymous_2)
FN:11,(anonymous_3)
FN:13,(anonymous_4)
FN:14,(anonymous_5)
FN:15,(anonymous_6)
FN:16,(anonymous_7)
FN:18,(anonymous_8)
FN:19,(anonymous_9)
FN:21,(anonymous_10)
FN:23,(anonymous_11)
FN:24,(anonymous_12)
FN:25,(anonymous_13)
FN:27,(anonymous_14)
FN:28,(anonymous_15)
FN:29,(anonymous_16)
FN:31,(anonymous_17)
FN:32,(anonymous_18)
FN:40,(anonymous_19)
FN:44,(anonymous_20)
FN:47,(anonymous_21)
FN:50,(anonymous_22)
FN:53,(anonymous_23)
FN:56,(anonymous_24)
FN:58,(anonymous_25)
FN:59,(anonymous_26)
FN:61,(anonymous_27)
FN:62,(anonymous_28)
FN:64,(anonymous_29)
FN:65,(anonymous_30)
FN:99,(anonymous_31)
FN:100,(anonymous_32)
FN:105,(anonymous_33)
FN:107,(anonymous_34)
FN:116,getSystemFSM
FN:130,resetSystemFSM
FNF:37
FNH:0
FNDA:0,(anonymous_0)
FNDA:0,(anonymous_1)
FNDA:0,(anonymous_2)
FNDA:0,(anonymous_3)
FNDA:0,(anonymous_4)
FNDA:0,(anonymous_5)
FNDA:0,(anonymous_6)
FNDA:0,(anonymous_7)
FNDA:0,(anonymous_8)
FNDA:0,(anonymous_9)
FNDA:0,(anonymous_10)
FNDA:0,(anonymous_11)
FNDA:0,(anonymous_12)
FNDA:0,(anonymous_13)
FNDA:0,(anonymous_14)
FNDA:0,(anonymous_15)
FNDA:0,(anonymous_16)
FNDA:0,(anonymous_17)
FNDA:0,(anonymous_18)
FNDA:0,(anonymous_19)
FNDA:0,(anonymous_20)
FNDA:0,(anonymous_21)
FNDA:0,(anonymous_22)
FNDA:0,(anonymous_23)
FNDA:0,(anonymous_24)
FNDA:0,(anonymous_25)
FNDA:0,(anonymous_26)
FNDA:0,(anonymous_27)
FNDA:0,(anonymous_28)
FNDA:0,(anonymous_29)
FNDA:0,(anonymous_30)
FNDA:0,(anonymous_31)
FNDA:0,(anonymous_32)
FNDA:0,(anonymous_33)
FNDA:0,(anonymous_34)
FNDA:0,getSystemFSM
FNDA:0,resetSystemFSM
DA:5,0
DA:7,0
DA:8,0
DA:10,0
DA:11,0
DA:13,0
DA:14,0
DA:15,0
DA:16,0
DA:18,0
DA:19,0
DA:21,0
DA:23,0
DA:24,0
DA:25,0
DA:27,0
DA:28,0
DA:29,0
DA:31,0
DA:32,0
DA:38,0
DA:39,0
DA:41,0
DA:42,0
DA:45,0
DA:48,0
DA:51,0
DA:54,0
DA:57,0
DA:58,0
DA:59,0
DA:62,0
DA:65,0
DA:66,0
DA:67,0
DA:68,0
DA:70,0
DA:71,0
DA:72,0
DA:73,0
DA:75,0
DA:76,0
DA:77,0
DA:79,0
DA:80,0
DA:81,0
DA:84,0
DA:88,0
DA:96,0
DA:100,0
DA:101,0
DA:102,0
DA:103,0
DA:106,0
DA:107,0
DA:108,0
DA:109,0
DA:110,0
DA:115,0
DA:117,0
DA:118,0
DA:128,0
DA:131,0
LF:63
LH:0
BRDA:11,0,0,0
BRDA:11,0,1,0
BRDA:13,1,0,0
BRDA:13,1,1,0
BRDA:14,2,0,0
BRDA:14,2,1,0
BRDA:25,3,0,0
BRDA:25,3,1,0
BRDA:58,4,0,0
BRDA:58,4,1,0
BRDA:62,5,0,0
BRDA:62,5,1,0
BRDA:62,5,2,0
BRDA:65,6,0,0
BRDA:65,6,1,0
BRDA:65,6,2,0
BRDA:66,7,0,0
BRDA:66,7,1,0
BRDA:75,8,0,0
BRDA:75,8,1,0
BRDA:100,9,0,0
BRDA:100,9,1,0
BRDA:101,10,0,0
BRDA:101,10,1,0
BRDA:109,11,0,0
BRDA:109,11,1,0
BRDA:117,12,0,0
BRDA:117,12,1,0
BRF:28
BRH:0
end_of_record
TN:
SF:src\core\types.ts
FNF:0
FNH:0
LF:0
LH:0
BRF:0
BRH:0
end_of_record
TN:
SF:src\memory\index.ts
FNF:0
FNH:0
LF:0
LH:0
BRF:0
BRH:0
end_of_record
TN:
SF:src\memory\knowledge-graph.ts
FN:13,(anonymous_0)
FN:16,(anonymous_1)
FN:18,(anonymous_2)
FN:25,(anonymous_3)
FN:39,(anonymous_4)
FN:56,(anonymous_5)
FN:59,(anonymous_6)
FN:63,(anonymous_7)
FN:74,(anonymous_8)
FN:93,(anonymous_9)
FN:101,(anonymous_10)
FN:105,(anonymous_11)
FN:108,(anonymous_12)
FN:111,(anonymous_13)
FN:114,(anonymous_14)
FN:124,(anonymous_15)
FN:127,(anonymous_16)
FN:129,(anonymous_17)
FN:131,(anonymous_18)
FN:132,(anonymous_19)
FN:137,(anonymous_20)
FN:142,(anonymous_21)
FN:152,(anonymous_22)
FN:157,(anonymous_23)
FN:163,(anonymous_24)
FN:170,(anonymous_25)
FN:176,(anonymous_26)
FN:176,(anonymous_27)
FN:183,(anonymous_28)
FN:184,(anonymous_29)
FN:185,(anonymous_30)
FN:191,(anonymous_31)
FN:194,(anonymous_32)
FN:201,(anonymous_33)
FN:202,(anonymous_34)
FN:204,(anonymous_35)
FN:213,(anonymous_36)
FN:218,(anonymous_37)
FN:261,(anonymous_38)
FN:270,(anonymous_39)
FN:283,(anonymous_40)
FN:284,(anonymous_41)
FN:290,(anonymous_42)
FN:293,(anonymous_43)
FN:296,(anonymous_44)
FN:299,(anonymous_45)
FN:300,(anonymous_46)
FN:307,(anonymous_47)
FN:316,(anonymous_48)
FN:321,(anonymous_49)
FN:324,(anonymous_50)
FN:344,(anonymous_51)
FN:350,(anonymous_52)
FN:359,getKnowledgeGraph
FNF:54
FNH:0
FNDA:0,(anonymous_0)
FNDA:0,(anonymous_1)
FNDA:0,(anonymous_2)
FNDA:0,(anonymous_3)
FNDA:0,(anonymous_4)
FNDA:0,(anonymous_5)
FNDA:0,(anonymous_6)
FNDA:0,(anonymous_7)
FNDA:0,(anonymous_8)
FNDA:0,(anonymous_9)
FNDA:0,(anonymous_10)
FNDA:0,(anonymous_11)
FNDA:0,(anonymous_12)
FNDA:0,(anonymous_13)
FNDA:0,(anonymous_14)
FNDA:0,(anonymous_15)
FNDA:0,(anonymous_16)
FNDA:0,(anonymous_17)
FNDA:0,(anonymous_18)
FNDA:0,(anonymous_19)
FNDA:0,(anonymous_20)
FNDA:0,(anonymous_21)
FNDA:0,(anonymous_22)
FNDA:0,(anonymous_23)
FNDA:0,(anonymous_24)
FNDA:0,(anonymous_25)
FNDA:0,(anonymous_26)
FNDA:0,(anonymous_27)
FNDA:0,(anonymous_28)
FNDA:0,(anonymous_29)
FNDA:0,(anonymous_30)
FNDA:0,(anonymous_31)
FNDA:0,(anonymous_32)
FNDA:0,(anonymous_33)
FNDA:0,(anonymous_34)
FNDA:0,(anonymous_35)
FNDA:0,(anonymous_36)
FNDA:0,(anonymous_37)
FNDA:0,(anonymous_38)
FNDA:0,(anonymous_39)
FNDA:0,(anonymous_40)
FNDA:0,(anonymous_41)
FNDA:0,(anonymous_42)
FNDA:0,(anonymous_43)
FNDA:0,(anonymous_44)
FNDA:0,(anonymous_45)
FNDA:0,(anonymous_46)
FNDA:0,(anonymous_47)
FNDA:0,(anonymous_48)
FNDA:0,(anonymous_49)
FNDA:0,(anonymous_50)
FNDA:0,(anonymous_51)
FNDA:0,(anonymous_52)
FNDA:0,getKnowledgeGraph
DA:9,0
DA:10,0
DA:11,0
DA:12,0
DA:14,0
DA:18,0
DA:19,0
DA:20,0
DA:21,0
DA:25,0
DA:26,0
DA:27,0
DA:28,0
DA:40,0
DA:44,0
DA:46,0
DA:47,0
DA:49,0
DA:51,0
DA:52,0
DA:54,0
DA:57,0
DA:61,0
DA:62,0
DA:63,0
DA:66,0
DA:67,0
DA:68,0
DA:70,0
DA:71,0
DA:75,0
DA:76,0
DA:81,0
DA:83,0
DA:84,0
DA:86,0
DA:87,0
DA:89,0
DA:90,0
DA:91,0
DA:94,0
DA:95,0
DA:96,0
DA:97,0
DA:99,0
DA:102,0
DA:106,0
DA:107,0
DA:108,0
DA:110,0
DA:111,0
DA:114,0
DA:115,0
DA:116,0
DA:117,0
DA:119,0
DA:120,0
DA:122,0
DA:125,0
DA:126,0
DA:127,0
DA:128,0
DA:129,0
DA:130,0
DA:131,0
DA:132,0
DA:138,0
DA:139,0
DA:140,0
DA:141,0
DA:142,0
DA:143,0
DA:144,0
DA:145,0
DA:146,0
DA:147,0
DA:148,0
DA:152,0
DA:158,0
DA:159,0
DA:160,0
DA:161,0
DA:163,0
DA:164,0
DA:165,0
DA:169,0
DA:170,0
DA:171,0
DA:172,0
DA:174,0
DA:175,0
DA:176,0
DA:177,0
DA:178,0
DA:179,0
DA:182,0
DA:183,0
DA:184,0
DA:185,0
DA:192,0
DA:194,0
DA:195,0
DA:196,0
DA:197,0
DA:201,0
DA:202,0
DA:203,0
DA:204,0
DA:205,0
DA:213,0
DA:220,0
DA:221,0
DA:229,0
DA:230,0
DA:239,0
DA:246,0
DA:253,0
DA:254,0
DA:255,0
DA:262,0
DA:263,0
DA:270,0
DA:271,0
DA:278,0
DA:284,0
DA:285,0
DA:286,0
DA:291,0
DA:292,0
DA:293,0
DA:294,0
DA:296,0
DA:297,0
DA:299,0
DA:300,0
DA:301,0
DA:307,0
DA:317,0
DA:319,0
DA:321,0
DA:324,0
DA:331,0
DA:337,0
DA:345,0
DA:351,0
DA:352,0
DA:353,0
DA:354,0
DA:358,0
DA:360,0
DA:361,0
DA:363,0
LF:152
LH:0
BRDA:20,0,0,0
BRDA:20,0,1,0
BRDA:20,1,0,0
BRDA:20,1,1,0
BRDA:20,1,2,0
BRDA:21,2,0,0
BRDA:21,2,1,0
BRDA:27,3,0,0
BRDA:27,3,1,0
BRDA:46,4,0,0
BRDA:46,4,1,0
BRDA:51,5,0,0
BRDA:51,5,1,0
BRDA:62,6,0,0
BRDA:62,6,1,0
BRDA:67,7,0,0
BRDA:67,7,1,0
BRDA:83,8,0,0
BRDA:83,8,1,0
BRDA:86,9,0,0
BRDA:86,9,1,0
BRDA:95,10,0,0
BRDA:95,10,1,0
BRDA:105,11,0,0
BRDA:107,12,0,0
BRDA:107,12,1,0
BRDA:110,13,0,0
BRDA:110,13,1,0
BRDA:115,14,0,0
BRDA:115,14,1,0
BRDA:119,15,0,0
BRDA:119,15,1,0
BRDA:126,16,0,0
BRDA:126,16,1,0
BRDA:128,17,0,0
BRDA:128,17,1,0
BRDA:130,18,0,0
BRDA:130,18,1,0
BRDA:139,19,0,0
BRDA:139,19,1,0
BRDA:144,20,0,0
BRDA:144,20,1,0
BRDA:145,21,0,0
BRDA:145,21,1,0
BRDA:147,22,0,0
BRDA:147,22,1,0
BRDA:157,23,0,0
BRDA:159,24,0,0
BRDA:159,24,1,0
BRDA:159,25,0,0
BRDA:159,25,1,0
BRDA:164,26,0,0
BRDA:164,26,1,0
BRDA:171,27,0,0
BRDA:171,27,1,0
BRDA:177,28,0,0
BRDA:177,28,1,0
BRDA:178,29,0,0
BRDA:178,29,1,0
BRDA:196,30,0,0
BRDA:196,30,1,0
BRDA:204,31,0,0
BRDA:204,31,1,0
BRDA:204,32,0,0
BRDA:204,32,1,0
BRDA:220,33,0,0
BRDA:220,33,1,0
BRDA:229,34,0,0
BRDA:229,34,1,0
BRDA:254,35,0,0
BRDA:254,35,1,0
BRDA:284,36,0,0
BRDA:284,36,1,0
BRDA:284,36,2,0
BRDA:285,37,0,0
BRDA:285,37,1,0
BRDA:294,38,0,0
BRDA:294,38,1,0
BRDA:297,39,0,0
BRDA:297,39,1,0
BRDA:306,40,0,0
BRDA:306,40,1,0
BRDA:309,41,0,0
BRDA:309,41,1,0
BRDA:310,42,0,0
BRDA:310,42,1,0
BRDA:317,43,0,0
BRDA:317,43,1,0
BRDA:317,43,2,0
BRDA:360,44,0,0
BRDA:360,44,1,0
BRF:91
BRH:0
end_of_record
TN:
SF:src\providers\ai-provider.ts
FN:4,(anonymous_0)
FN:10,(anonymous_1)
FNF:2
FNH:0
FNDA:0,(anonymous_0)
FNDA:0,(anonymous_1)
DA:5,0
DA:12,0
LF:2
LH:0
BRF:0
BRH:0
end_of_record
TN:
SF:src\providers\deepseek-adapter.ts
FN:8,generateId
FN:17,(anonymous_1)
FN:23,(anonymous_2)
FN:24,(anonymous_3)
FN:29,(anonymous_4)
FN:41,(anonymous_5)
FN:59,(anonymous_6)
FN:78,(anonymous_7)
FN:108,(anonymous_8)
FN:123,(anonymous_9)
FN:125,(anonymous_10)
FN:136,(anonymous_11)
FNF:12
FNH:0
FNDA:0,generateId
FNDA:0,(anonymous_1)
FNDA:0,(anonymous_2)
FNDA:0,(anonymous_3)
FNDA:0,(anonymous_4)
FNDA:0,(anonymous_5)
FNDA:0,(anonymous_6)
FNDA:0,(anonymous_7)
FNDA:0,(anonymous_8)
FNDA:0,(anonymous_9)
FNDA:0,(anonymous_10)
FNDA:0,(anonymous_11)
DA:4,0
DA:9,0
DA:12,0
DA:16,0
DA:18,0
DA:19,0
DA:20,0
DA:21,0
DA:23,0
DA:25,0
DA:26,0
DA:27,0
DA:29,0
DA:34,0
DA:39,0
DA:40,0
DA:41,0
DA:42,0
DA:44,0
DA:45,0
DA:46,0
DA:47,0
DA:48,0
DA:50,0
DA:60,0
DA:70,0
DA:71,0
DA:72,0
DA:75,0
DA:79,0
DA:89,0
DA:90,0
DA:91,0
DA:92,0
DA:100,0
DA:109,0
DA:110,0
DA:120,0
DA:121,0
DA:124,0
DA:125,0
DA:126,0
DA:127,0
DA:128,0
DA:129,0
DA:137,0
DA:138,0
DA:139,0
DA:143,0
DA:152,0
DA:153,0
LF:51
LH:0
BRDA:20,0,0,0
BRDA:20,0,1,0
BRDA:21,1,0,0
BRDA:21,1,1,0
BRDA:25,2,0,0
BRDA:25,2,1,0
BRDA:30,3,0,0
BRDA:30,3,1,0
BRDA:31,4,0,0
BRDA:31,4,1,0
BRDA:39,5,0,0
BRDA:39,5,1,0
BRDA:47,6,0,0
BRDA:47,6,1,0
BRDA:51,7,0,0
BRDA:51,7,1,0
BRDA:113,8,0,0
BRDA:113,8,1,0
BRDA:124,9,0,0
BRDA:124,9,1,0
BRDA:127,10,0,0
BRDA:127,10,1,0
BRDA:128,11,0,0
BRDA:128,11,1,0
BRF:24
BRH:0
end_of_record
TN:
SF:src\providers\index.ts
FNF:0
FNH:0
LF:0
LH:0
BRF:0
BRH:0
end_of_record
TN:
SF:src\providers\intelligent-router.ts
FN:9,(anonymous_0)
FN:18,(anonymous_1)
FN:21,(anonymous_2)
FN:24,(anonymous_3)
FN:86,(anonymous_4)
FN:94,(anonymous_5)
FN:106,(anonymous_6)
FN:107,(anonymous_7)
FN:124,(anonymous_8)
FN:131,(anonymous_9)
FNF:10
FNH:0
FNDA:0,(anonymous_0)
FNDA:0,(anonymous_1)
FNDA:0,(anonymous_2)
FNDA:0,(anonymous_3)
FNDA:0,(anonymous_4)
FNDA:0,(anonymous_5)
FNDA:0,(anonymous_6)
FNDA:0,(anonymous_7)
FNDA:0,(anonymous_8)
FNDA:0,(anonymous_9)
DA:5,0
DA:6,0
DA:7,0
DA:8,0
DA:10,0
DA:11,0
DA:19,0
DA:22,0
DA:29,0
DA:30,0
DA:31,0
DA:32,0
DA:34,0
DA:35,0
DA:42,0
DA:43,0
DA:50,0
DA:51,0
DA:58,0
DA:59,0
DA:66,0
DA:67,0
DA:73,0
DA:74,0
DA:80,0
DA:87,0
DA:88,0
DA:89,0
DA:90,0
DA:91,0
DA:92,0
DA:95,0
DA:96,0
DA:97,0
DA:98,0
DA:99,0
DA:100,0
DA:101,0
DA:107,0
DA:108,0
DA:109,0
DA:110,0
DA:113,0
DA:122,0
DA:125,0
DA:126,0
DA:127,0
DA:129,0
DA:132,0
DA:133,0
DA:134,0
DA:135,0
DA:136,0
DA:137,0
LF:54
LH:0
BRDA:32,0,0,0
BRDA:32,0,1,0
BRDA:34,1,0,0
BRDA:34,1,1,0
BRDA:34,2,0,0
BRDA:34,2,1,0
BRDA:36,3,0,0
BRDA:36,3,1,0
BRDA:36,4,0,0
BRDA:36,4,1,0
BRDA:42,5,0,0
BRDA:42,5,1,0
BRDA:44,6,0,0
BRDA:44,6,1,0
BRDA:44,7,0,0
BRDA:44,7,1,0
BRDA:50,8,0,0
BRDA:50,8,1,0
BRDA:50,9,0,0
BRDA:50,9,1,0
BRDA:50,9,2,0
BRDA:58,10,0,0
BRDA:58,10,1,0
BRDA:58,11,0,0
BRDA:58,11,1,0
BRDA:66,12,0,0
BRDA:66,12,1,0
BRDA:73,13,0,0
BRDA:73,13,1,0
BRDA:88,14,0,0
BRDA:88,14,1,0
BRDA:96,15,0,0
BRDA:96,15,1,0
BRDA:118,16,0,0
BRDA:118,16,1,0
BRDA:132,17,0,0
BRDA:132,17,1,0
BRDA:135,18,0,0
BRDA:135,18,1,0
BRF:39
BRH:0
end_of_record
TN:
SF:src\providers\openai-adapter.ts
FN:10,generateId
FN:19,(anonymous_1)
FN:25,(anonymous_2)
FN:26,(anonymous_3)
FN:31,(anonymous_4)
FN:43,(anonymous_5)
FN:61,(anonymous_6)
FN:80,(anonymous_7)
FN:110,(anonymous_8)
FN:125,(anonymous_9)
FN:127,(anonymous_10)
FN:138,(anonymous_11)
FNF:12
FNH:0
FNDA:0,generateId
FNDA:0,(anonymous_1)
FNDA:0,(anonymous_2)
FNDA:0,(anonymous_3)
FNDA:0,(anonymous_4)
FNDA:0,(anonymous_5)
FNDA:0,(anonymous_6)
FNDA:0,(anonymous_7)
FNDA:0,(anonymous_8)
FNDA:0,(anonymous_9)
FNDA:0,(anonymous_10)
FNDA:0,(anonymous_11)
DA:5,0
DA:11,0
DA:14,0
DA:18,0
DA:20,0
DA:21,0
DA:22,0
DA:23,0
DA:25,0
DA:27,0
DA:28,0
DA:29,0
DA:31,0
DA:36,0
DA:41,0
DA:42,0
DA:43,0
DA:44,0
DA:46,0
DA:47,0
DA:48,0
DA:49,0
DA:50,0
DA:52,0
DA:62,0
DA:72,0
DA:73,0
DA:74,0
DA:77,0
DA:81,0
DA:91,0
DA:92,0
DA:93,0
DA:94,0
DA:102,0
DA:111,0
DA:112,0
DA:122,0
DA:123,0
DA:126,0
DA:127,0
DA:128,0
DA:129,0
DA:130,0
DA:131,0
DA:139,0
DA:140,0
DA:141,0
DA:145,0
DA:154,0
DA:155,0
LF:51
LH:0
BRDA:22,0,0,0
BRDA:22,0,1,0
BRDA:23,1,0,0
BRDA:23,1,1,0
BRDA:27,2,0,0
BRDA:27,2,1,0
BRDA:32,3,0,0
BRDA:32,3,1,0
BRDA:33,4,0,0
BRDA:33,4,1,0
BRDA:41,5,0,0
BRDA:41,5,1,0
BRDA:49,6,0,0
BRDA:49,6,1,0
BRDA:53,7,0,0
BRDA:53,7,1,0
BRDA:115,8,0,0
BRDA:115,8,1,0
BRDA:126,9,0,0
BRDA:126,9,1,0
BRDA:129,10,0,0
BRDA:129,10,1,0
BRDA:130,11,0,0
BRDA:130,11,1,0
BRF:24
BRH:0
end_of_record
TN:
SF:src\providers\provider-registry.ts
FN:9,(anonymous_0)
FN:10,(anonymous_1)
FN:27,(anonymous_2)
FN:28,(anonymous_3)
FN:29,(anonymous_4)
FN:30,(anonymous_5)
FN:34,(anonymous_6)
FN:35,(anonymous_7)
FN:75,(anonymous_8)
FN:78,(anonymous_9)
FN:85,(anonymous_10)
FN:96,getProviderRegistry
FN:102,resetProviderRegistry
FNF:13
FNH:0
FNDA:0,(anonymous_0)
FNDA:0,(anonymous_1)
FNDA:0,(anonymous_2)
FNDA:0,(anonymous_3)
FNDA:0,(anonymous_4)
FNDA:0,(anonymous_5)
FNDA:0,(anonymous_6)
FNDA:0,(anonymous_7)
FNDA:0,(anonymous_8)
FNDA:0,(anonymous_9)
FNDA:0,(anonymous_10)
FNDA:0,getProviderRegistry
FNDA:0,resetProviderRegistry
DA:8,0
DA:10,0
DA:11,0
DA:23,0
DA:24,0
DA:25,0
DA:26,0
DA:27,0
DA:28,0
DA:29,0
DA:31,0
DA:32,0
DA:35,0
DA:36,0
DA:38,0
DA:39,0
DA:40,0
DA:41,0
DA:42,0
DA:44,0
DA:45,0
DA:46,0
DA:47,0
DA:48,0
DA:49,0
DA:50,0
DA:51,0
DA:52,0
DA:53,0
DA:62,0
DA:65,0
DA:66,0
DA:67,0
DA:71,0
DA:72,0
DA:73,0
DA:76,0
DA:79,0
DA:86,0
DA:87,0
DA:88,0
DA:89,0
DA:90,0
DA:95,0
DA:97,0
DA:98,0
DA:100,0
DA:103,0
LF:48
LH:0
BRDA:12,0,0,0
BRDA:12,0,1,0
BRDA:34,1,0,0
BRDA:34,2,0,0
BRDA:39,3,0,0
BRDA:39,3,1,0
BRDA:45,4,0,0
BRDA:45,4,1,0
BRDA:52,5,0,0
BRDA:52,5,1,0
BRDA:65,6,0,0
BRDA:65,6,1,0
BRDA:88,7,0,0
BRDA:88,7,1,0
BRDA:97,8,0,0
BRDA:97,8,1,0
BRF:16
BRH:0
end_of_record
TN:
SF:src\security\attack-surface.ts
FN:10,(anonymous_0)
FN:13,(anonymous_1)
FN:14,(anonymous_2)
FN:27,(anonymous_3)
FN:31,(anonymous_4)
FN:35,(anonymous_5)
FN:37,(anonymous_6)
FN:40,(anonymous_7)
FN:43,(anonymous_8)
FN:45,(anonymous_9)
FN:52,(anonymous_10)
FN:53,(anonymous_11)
FN:58,(anonymous_12)
FN:68,(anonymous_13)
FN:72,(anonymous_14)
FN:75,(anonymous_15)
FN:77,(anonymous_16)
FN:93,(anonymous_17)
FN:98,(anonymous_18)
FN:99,(anonymous_19)
FN:102,(anonymous_20)
FN:103,(anonymous_21)
FN:104,(anonymous_22)
FN:105,(anonymous_23)
FN:112,(anonymous_24)
FN:114,(anonymous_25)
FN:135,(anonymous_26)
FN:143,(anonymous_27)
FN:145,(anonymous_28)
FN:158,(anonymous_29)
FN:162,(anonymous_30)
FN:166,(anonymous_31)
FN:171,(anonymous_32)
FN:175,(anonymous_33)
FN:182,(anonymous_34)
FN:189,(anonymous_35)
FN:195,(anonymous_36)
FN:205,(anonymous_37)
FN:208,(anonymous_38)
FN:218,getAttackSurfaceAnalyzer
FNF:40
FNH:0
FNDA:0,(anonymous_0)
FNDA:0,(anonymous_1)
FNDA:0,(anonymous_2)
FNDA:0,(anonymous_3)
FNDA:0,(anonymous_4)
FNDA:0,(anonymous_5)
FNDA:0,(anonymous_6)
FNDA:0,(anonymous_7)
FNDA:0,(anonymous_8)
FNDA:0,(anonymous_9)
FNDA:0,(anonymous_10)
FNDA:0,(anonymous_11)
FNDA:0,(anonymous_12)
FNDA:0,(anonymous_13)
FNDA:0,(anonymous_14)
FNDA:0,(anonymous_15)
FNDA:0,(anonymous_16)
FNDA:0,(anonymous_17)
FNDA:0,(anonymous_18)
FNDA:0,(anonymous_19)
FNDA:0,(anonymous_20)
FNDA:0,(anonymous_21)
FNDA:0,(anonymous_22)
FNDA:0,(anonymous_23)
FNDA:0,(anonymous_24)
FNDA:0,(anonymous_25)
FNDA:0,(anonymous_26)
FNDA:0,(anonymous_27)
FNDA:0,(anonymous_28)
FNDA:0,(anonymous_29)
FNDA:0,(anonymous_30)
FNDA:0,(anonymous_31)
FNDA:0,(anonymous_32)
FNDA:0,(anonymous_33)
FNDA:0,(anonymous_34)
FNDA:0,(anonymous_35)
FNDA:0,(anonymous_36)
FNDA:0,(anonymous_37)
FNDA:0,(anonymous_38)
FNDA:0,getAttackSurfaceAnalyzer
DA:5,0
DA:9,0
DA:11,0
DA:14,0
DA:15,0
DA:16,0
DA:17,0
DA:28,0
DA:29,0
DA:32,0
DA:33,0
DA:36,0
DA:37,0
DA:38,0
DA:41,0
DA:44,0
DA:45,0
DA:46,0
DA:47,0
DA:48,0
DA:49,0
DA:51,0
DA:52,0
DA:53,0
DA:59,0
DA:60,0
DA:62,0
DA:63,0
DA:64,0
DA:65,0
DA:67,0
DA:68,0
DA:70,0
DA:71,0
DA:72,0
DA:73,0
DA:75,0
DA:76,0
DA:77,0
DA:78,0
DA:79,0
DA:83,0
DA:85,0
DA:87,0
DA:88,0
DA:94,0
DA:95,0
DA:97,0
DA:98,0
DA:99,0
DA:101,0
DA:102,0
DA:103,0
DA:104,0
DA:105,0
DA:106,0
DA:107,0
DA:108,0
DA:112,0
DA:115,0
DA:116,0
DA:117,0
DA:118,0
DA:119,0
DA:120,0
DA:121,0
DA:131,0
DA:132,0
DA:133,0
DA:134,0
DA:135,0
DA:136,0
DA:137,0
DA:141,0
DA:144,0
DA:145,0
DA:146,0
DA:147,0
DA:148,0
DA:152,0
DA:153,0
DA:159,0
DA:160,0
DA:161,0
DA:163,0
DA:164,0
DA:166,0
DA:173,0
DA:174,0
DA:175,0
DA:182,0
DA:190,0
DA:191,0
DA:192,0
DA:193,0
DA:195,0
DA:196,0
DA:197,0
DA:198,0
DA:203,0
DA:206,0
DA:209,0
DA:210,0
DA:211,0
DA:212,0
DA:213,0
DA:217,0
DA:219,0
DA:220,0
DA:222,0
LF:110
LH:0
BRDA:16,0,0,0
BRDA:16,0,1,0
BRDA:31,1,0,0
BRDA:37,2,0,0
BRDA:37,2,1,0
BRDA:46,3,0,0
BRDA:46,3,1,0
BRDA:48,4,0,0
BRDA:48,4,1,0
BRDA:58,5,0,0
BRDA:58,6,0,0
BRDA:59,7,0,0
BRDA:59,7,1,0
BRDA:64,8,0,0
BRDA:64,8,1,0
BRDA:76,9,0,0
BRDA:76,9,1,0
BRDA:78,10,0,0
BRDA:78,10,1,0
BRDA:79,11,0,0
BRDA:79,11,1,0
BRDA:93,12,0,0
BRDA:98,13,0,0
BRDA:98,13,1,0
BRDA:107,14,0,0
BRDA:107,14,1,0
BRDA:119,15,0,0
BRDA:119,15,1,0
BRDA:131,16,0,0
BRDA:131,16,1,0
BRDA:136,17,0,0
BRDA:136,17,1,0
BRDA:147,18,0,0
BRDA:147,18,1,0
BRDA:158,19,0,0
BRDA:163,20,0,0
BRDA:163,20,1,0
BRDA:164,21,0,0
BRDA:164,21,1,0
BRDA:211,22,0,0
BRDA:211,22,1,0
BRDA:212,23,0,0
BRDA:212,23,1,0
BRDA:219,24,0,0
BRDA:219,24,1,0
BRF:45
BRH:0
end_of_record
TN:
SF:src\security\index.ts
FNF:0
FNH:0
LF:0
LH:0
BRF:0
BRH:0
end_of_record
TN:
SF:src\security\vulnerability-dna.ts
FN:167,(anonymous_0)
FN:168,(anonymous_1)
FN:173,(anonymous_2)
FN:176,(anonymous_3)
FN:178,(anonymous_4)
FN:179,(anonymous_5)
FN:199,(anonymous_6)
FN:204,(anonymous_7)
FN:210,(anonymous_8)
FN:216,(anonymous_9)
FN:218,(anonymous_10)
FN:223,(anonymous_11)
FN:225,(anonymous_12)
FN:227,(anonymous_13)
FN:235,(anonymous_14)
FN:243,(anonymous_15)
FN:270,getVulnerabilityDNA
FNF:17
FNH:0
FNDA:0,(anonymous_0)
FNDA:0,(anonymous_1)
FNDA:0,(anonymous_2)
FNDA:0,(anonymous_3)
FNDA:0,(anonymous_4)
FNDA:0,(anonymous_5)
FNDA:0,(anonymous_6)
FNDA:0,(anonymous_7)
FNDA:0,(anonymous_8)
FNDA:0,(anonymous_9)
FNDA:0,(anonymous_10)
FNDA:0,(anonymous_11)
FNDA:0,(anonymous_12)
FNDA:0,(anonymous_13)
FNDA:0,(anonymous_14)
FNDA:0,(anonymous_15)
FNDA:0,getVulnerabilityDNA
DA:7,0
DA:168,0
DA:174,0
DA:175,0
DA:176,0
DA:177,0
DA:178,0
DA:179,0
DA:180,0
DA:181,0
DA:182,0
DA:191,0
DA:192,0
DA:199,0
DA:205,0
DA:211,0
DA:217,0
DA:218,0
DA:224,0
DA:225,0
DA:229,0
DA:230,0
DA:236,0
DA:243,0
DA:269,0
DA:271,0
DA:272,0
DA:274,0
LF:28
LH:0
BRDA:167,0,0,0
BRDA:181,1,0,0
BRDA:181,1,1,0
BRDA:184,2,0,0
BRDA:184,2,1,0
BRDA:191,3,0,0
BRDA:191,3,1,0
BRDA:250,4,0,0
BRDA:250,4,1,0
BRDA:251,5,0,0
BRDA:251,5,1,0
BRDA:252,6,0,0
BRDA:252,6,1,0
BRDA:271,7,0,0
BRDA:271,7,1,0
BRF:15
BRH:0
end_of_record
TN:
SF:src\shared\types\context.ts
FNF:0
FNH:0
LF:0
LH:0
BRF:0
BRH:0
end_of_record
TN:
SF:src\shared\types\engine-base.ts
FNF:0
FNH:0
LF:0
LH:0
BRF:0
BRH:0
end_of_record
TN:
SF:src\shared\types\index.ts
FNF:0
FNH:0
LF:0
LH:0
BRF:0
BRH:0
end_of_record
TN:
SF:src\shared\types\intent.ts
FNF:0
FNH:0
LF:0
LH:0
BRF:0
BRH:0
end_of_record
TN:
SF:src\shared\types\security.ts
FNF:0
FNH:0
LF:0
LH:0
BRF:0
BRH:0
end_of_record
TN:
SF:src\shared\types\user-input.ts
FNF:0
FNH:0
LF:0
LH:0
BRF:0
BRH:0
end_of_record
